[2025-11-05 09:49:46] [ERROR] [api.views.UsuarioViewSet:210] [log_exception] MethodNotAllowed: Method "GET" not allowed. | Context: action=None, view=UsuarioViewSet
Traceback (most recent call last):
  File "C:\Users\MSI\Desktop\9B\Proyecto 9B\API_wearable\env\Lib\site-packages\rest_framework\views.py", line 512, in dispatch
    response = handler(request, *args, **kwargs)
               ^^^^^^^^^^^^^^^^^^^^^^^^^^^^^^^^^
  File "C:\Users\MSI\Desktop\9B\Proyecto 9B\API_wearable\env\Lib\site-packages\rest_framework\views.py", line 173, in http_method_not_allowed
    raise exceptions.MethodNotAllowed(request.method)
rest_framework.exceptions.MethodNotAllowed: Method "GET" not allowed.
[2025-11-05 10:18:02] [ERROR] [api.views.UsuarioViewSet:210] [log_exception] AuthenticationFailed: {'detail': ErrorDetail(string='User not found', code='authentication_failed'), 'code': ErrorDetail(string='user_not_found', code='authentication_failed')} | Context: action=retrieve, view=UsuarioViewSet
Traceback (most recent call last):
  File "C:\Users\MSI\Desktop\9B\Proyecto 9B\API_wearable\env\Lib\site-packages\rest_framework_simplejwt\authentication.py", line 132, in get_user
    user = self.user_model.objects.get(**{api_settings.USER_ID_FIELD: user_id})
           ^^^^^^^^^^^^^^^^^^^^^^^^^^^^^^^^^^^^^^^^^^^^^^^^^^^^^^^^^^^^^^^^^^^^
  File "C:\Users\MSI\Desktop\9B\Proyecto 9B\API_wearable\env\Lib\site-packages\django\db\models\manager.py", line 87, in manager_method
    return getattr(self.get_queryset(), name)(*args, **kwargs)
           ^^^^^^^^^^^^^^^^^^^^^^^^^^^^^^^^^^^^^^^^^^^^^^^^^^^
  File "C:\Users\MSI\Desktop\9B\Proyecto 9B\API_wearable\env\Lib\site-packages\django\db\models\query.py", line 633, in get
    raise self.model.DoesNotExist(
django.contrib.auth.models.User.DoesNotExist: User matching query does not exist.

The above exception was the direct cause of the following exception:

Traceback (most recent call last):
  File "C:\Users\MSI\Desktop\9B\Proyecto 9B\API_wearable\env\Lib\site-packages\rest_framework\views.py", line 503, in dispatch
    self.initial(request, *args, **kwargs)
  File "C:\Users\MSI\Desktop\9B\Proyecto 9B\API_wearable\env\Lib\site-packages\sentry_sdk\integrations\django\__init__.py", line 332, in sentry_patched_drf_initial
    return old_drf_initial(self, request, *args, **kwargs)
           ^^^^^^^^^^^^^^^^^^^^^^^^^^^^^^^^^^^^^^^^^^^^^^^
  File "C:\Users\MSI\Desktop\9B\Proyecto 9B\API_wearable\env\Lib\site-packages\rest_framework\views.py", line 420, in initial
    self.perform_authentication(request)
  File "C:\Users\MSI\Desktop\9B\Proyecto 9B\API_wearable\env\Lib\site-packages\rest_framework\views.py", line 330, in perform_authentication
    request.user
  File "C:\Users\MSI\Desktop\9B\Proyecto 9B\API_wearable\env\Lib\site-packages\rest_framework\request.py", line 232, in user
    self._authenticate()
  File "C:\Users\MSI\Desktop\9B\Proyecto 9B\API_wearable\env\Lib\site-packages\rest_framework\request.py", line 385, in _authenticate
    user_auth_tuple = authenticator.authenticate(self)
                      ^^^^^^^^^^^^^^^^^^^^^^^^^^^^^^^^
  File "C:\Users\MSI\Desktop\9B\Proyecto 9B\API_wearable\env\Lib\site-packages\rest_framework_simplejwt\authentication.py", line 51, in authenticate
    return self.get_user(validated_token), validated_token
           ^^^^^^^^^^^^^^^^^^^^^^^^^^^^^^
  File "C:\Users\MSI\Desktop\9B\Proyecto 9B\API_wearable\env\Lib\site-packages\rest_framework_simplejwt\authentication.py", line 134, in get_user
    raise AuthenticationFailed(
rest_framework_simplejwt.exceptions.AuthenticationFailed: {'detail': ErrorDetail(string='User not found', code='authentication_failed'), 'code': ErrorDetail(string='user_not_found', code='authentication_failed')}
[2025-11-05 10:18:07] [ERROR] [api.services.user_factory:85] Failed to create user: null value in column "genero" of relation "consumidores" violates not-null constraint
DETAIL:  Failing row contains (11, 19, null, null, null, null, 2025-11-05 18:18:07.20139, 2025-11-05 18:18:07.20139, null).
[2025-11-05 10:24:30] [ERROR] [api.views.UsuarioViewSet:210] [log_exception] AuthenticationFailed: {'detail': ErrorDetail(string='User not found', code='authentication_failed'), 'code': ErrorDetail(string='user_not_found', code='authentication_failed')} | Context: action=retrieve, view=UsuarioViewSet
Traceback (most recent call last):
  File "C:\Users\MSI\Desktop\9B\Proyecto 9B\API_wearable\env\Lib\site-packages\rest_framework_simplejwt\authentication.py", line 132, in get_user
    user = self.user_model.objects.get(**{api_settings.USER_ID_FIELD: user_id})
           ^^^^^^^^^^^^^^^^^^^^^^^^^^^^^^^^^^^^^^^^^^^^^^^^^^^^^^^^^^^^^^^^^^^^
  File "C:\Users\MSI\Desktop\9B\Proyecto 9B\API_wearable\env\Lib\site-packages\django\db\models\manager.py", line 87, in manager_method
    return getattr(self.get_queryset(), name)(*args, **kwargs)
           ^^^^^^^^^^^^^^^^^^^^^^^^^^^^^^^^^^^^^^^^^^^^^^^^^^^
  File "C:\Users\MSI\Desktop\9B\Proyecto 9B\API_wearable\env\Lib\site-packages\django\db\models\query.py", line 633, in get
    raise self.model.DoesNotExist(
django.contrib.auth.models.User.DoesNotExist: User matching query does not exist.

The above exception was the direct cause of the following exception:

Traceback (most recent call last):
  File "C:\Users\MSI\Desktop\9B\Proyecto 9B\API_wearable\env\Lib\site-packages\rest_framework\views.py", line 503, in dispatch
    self.initial(request, *args, **kwargs)
  File "C:\Users\MSI\Desktop\9B\Proyecto 9B\API_wearable\env\Lib\site-packages\sentry_sdk\integrations\django\__init__.py", line 332, in sentry_patched_drf_initial
    return old_drf_initial(self, request, *args, **kwargs)
           ^^^^^^^^^^^^^^^^^^^^^^^^^^^^^^^^^^^^^^^^^^^^^^^
  File "C:\Users\MSI\Desktop\9B\Proyecto 9B\API_wearable\env\Lib\site-packages\rest_framework\views.py", line 420, in initial
    self.perform_authentication(request)
  File "C:\Users\MSI\Desktop\9B\Proyecto 9B\API_wearable\env\Lib\site-packages\rest_framework\views.py", line 330, in perform_authentication
    request.user
  File "C:\Users\MSI\Desktop\9B\Proyecto 9B\API_wearable\env\Lib\site-packages\rest_framework\request.py", line 232, in user
    self._authenticate()
  File "C:\Users\MSI\Desktop\9B\Proyecto 9B\API_wearable\env\Lib\site-packages\rest_framework\request.py", line 385, in _authenticate
    user_auth_tuple = authenticator.authenticate(self)
                      ^^^^^^^^^^^^^^^^^^^^^^^^^^^^^^^^
  File "C:\Users\MSI\Desktop\9B\Proyecto 9B\API_wearable\env\Lib\site-packages\rest_framework_simplejwt\authentication.py", line 51, in authenticate
    return self.get_user(validated_token), validated_token
           ^^^^^^^^^^^^^^^^^^^^^^^^^^^^^^
  File "C:\Users\MSI\Desktop\9B\Proyecto 9B\API_wearable\env\Lib\site-packages\rest_framework_simplejwt\authentication.py", line 134, in get_user
    raise AuthenticationFailed(
rest_framework_simplejwt.exceptions.AuthenticationFailed: {'detail': ErrorDetail(string='User not found', code='authentication_failed'), 'code': ErrorDetail(string='user_not_found', code='authentication_failed')}
[2025-11-05 10:24:32] [ERROR] [api.views.UsuarioViewSet:210] [log_exception] NotAuthenticated: Authentication credentials were not provided. | Context: action=retrieve, view=UsuarioViewSet
Traceback (most recent call last):
  File "C:\Users\MSI\Desktop\9B\Proyecto 9B\API_wearable\env\Lib\site-packages\rest_framework\views.py", line 503, in dispatch
    self.initial(request, *args, **kwargs)
  File "C:\Users\MSI\Desktop\9B\Proyecto 9B\API_wearable\env\Lib\site-packages\sentry_sdk\integrations\django\__init__.py", line 332, in sentry_patched_drf_initial
    return old_drf_initial(self, request, *args, **kwargs)
           ^^^^^^^^^^^^^^^^^^^^^^^^^^^^^^^^^^^^^^^^^^^^^^^
  File "C:\Users\MSI\Desktop\9B\Proyecto 9B\API_wearable\env\Lib\site-packages\rest_framework\views.py", line 421, in initial
    self.check_permissions(request)
  File "C:\Users\MSI\Desktop\9B\Proyecto 9B\API_wearable\env\Lib\site-packages\rest_framework\views.py", line 339, in check_permissions
    self.permission_denied(
  File "C:\Users\MSI\Desktop\9B\Proyecto 9B\API_wearable\env\Lib\site-packages\rest_framework\views.py", line 180, in permission_denied
    raise exceptions.NotAuthenticated()
rest_framework.exceptions.NotAuthenticated: Authentication credentials were not provided.
[2025-11-05 10:29:30] [ERROR] [api.views.UsuarioViewSet:210] [log_exception] AttributeError: 'Usuario' object has no attribute 'is_authenticated' | Context: action=retrieve, view=UsuarioViewSet
Traceback (most recent call last):
  File "C:\Users\MSI\Desktop\9B\Proyecto 9B\API_wearable\env\Lib\site-packages\rest_framework\views.py", line 503, in dispatch
    self.initial(request, *args, **kwargs)
  File "C:\Users\MSI\Desktop\9B\Proyecto 9B\API_wearable\env\Lib\site-packages\sentry_sdk\integrations\django\__init__.py", line 332, in sentry_patched_drf_initial
    return old_drf_initial(self, request, *args, **kwargs)
           ^^^^^^^^^^^^^^^^^^^^^^^^^^^^^^^^^^^^^^^^^^^^^^^
  File "C:\Users\MSI\Desktop\9B\Proyecto 9B\API_wearable\env\Lib\site-packages\rest_framework\views.py", line 421, in initial
    self.check_permissions(request)
  File "C:\Users\MSI\Desktop\9B\Proyecto 9B\API_wearable\env\Lib\site-packages\rest_framework\views.py", line 338, in check_permissions
    if not permission.has_permission(request, self):
           ^^^^^^^^^^^^^^^^^^^^^^^^^^^^^^^^^^^^^^^^
  File "C:\Users\MSI\Desktop\9B\Proyecto 9B\API_wearable\env\Lib\site-packages\rest_framework\permissions.py", line 151, in has_permission
    return bool(request.user and request.user.is_authenticated)
                                 ^^^^^^^^^^^^^^^^^^^^^^^^^^^^^
AttributeError: 'Usuario' object has no attribute 'is_authenticated'
[2025-11-05 10:29:30] [ERROR] [django.request:253] Internal Server Error: /api/usuarios/22/
Traceback (most recent call last):
  File "C:\Users\MSI\Desktop\9B\Proyecto 9B\API_wearable\env\Lib\site-packages\django\core\handlers\exception.py", line 55, in inner
    response = get_response(request)
               ^^^^^^^^^^^^^^^^^^^^^
  File "C:\Users\MSI\Desktop\9B\Proyecto 9B\API_wearable\env\Lib\site-packages\django\core\handlers\base.py", line 197, in _get_response
    response = wrapped_callback(request, *callback_args, **callback_kwargs)
               ^^^^^^^^^^^^^^^^^^^^^^^^^^^^^^^^^^^^^^^^^^^^^^^^^^^^^^^^^^^^
  File "C:\Users\MSI\Desktop\9B\Proyecto 9B\API_wearable\env\Lib\site-packages\sentry_sdk\integrations\django\views.py", line 94, in sentry_wrapped_callback
    return callback(request, *args, **kwargs)
           ^^^^^^^^^^^^^^^^^^^^^^^^^^^^^^^^^^
  File "C:\Users\MSI\Desktop\9B\Proyecto 9B\API_wearable\env\Lib\site-packages\django\views\decorators\csrf.py", line 65, in _view_wrapper
    return view_func(request, *args, **kwargs)
           ^^^^^^^^^^^^^^^^^^^^^^^^^^^^^^^^^^^
  File "C:\Users\MSI\Desktop\9B\Proyecto 9B\API_wearable\env\Lib\site-packages\rest_framework\viewsets.py", line 125, in view
    return self.dispatch(request, *args, **kwargs)
           ^^^^^^^^^^^^^^^^^^^^^^^^^^^^^^^^^^^^^^^
  File "C:\Users\MSI\Desktop\9B\Proyecto 9B\API_wearable\env\Lib\site-packages\rest_framework\views.py", line 515, in dispatch
    response = self.handle_exception(exc)
               ^^^^^^^^^^^^^^^^^^^^^^^^^^
  File "C:\Users\MSI\Desktop\9B\Proyecto 9B\API_wearable\Simulador-0910\WearableApi\utils\mixins.py", line 59, in handle_exception
    return super().handle_exception(exc)
           ^^^^^^^^^^^^^^^^^^^^^^^^^^^^^
  File "C:\Users\MSI\Desktop\9B\Proyecto 9B\API_wearable\env\Lib\site-packages\rest_framework\views.py", line 475, in handle_exception
    self.raise_uncaught_exception(exc)
  File "C:\Users\MSI\Desktop\9B\Proyecto 9B\API_wearable\env\Lib\site-packages\rest_framework\views.py", line 486, in raise_uncaught_exception
    raise exc
  File "C:\Users\MSI\Desktop\9B\Proyecto 9B\API_wearable\env\Lib\site-packages\rest_framework\views.py", line 503, in dispatch
    self.initial(request, *args, **kwargs)
  File "C:\Users\MSI\Desktop\9B\Proyecto 9B\API_wearable\env\Lib\site-packages\sentry_sdk\integrations\django\__init__.py", line 332, in sentry_patched_drf_initial
    return old_drf_initial(self, request, *args, **kwargs)
           ^^^^^^^^^^^^^^^^^^^^^^^^^^^^^^^^^^^^^^^^^^^^^^^
  File "C:\Users\MSI\Desktop\9B\Proyecto 9B\API_wearable\env\Lib\site-packages\rest_framework\views.py", line 421, in initial
    self.check_permissions(request)
  File "C:\Users\MSI\Desktop\9B\Proyecto 9B\API_wearable\env\Lib\site-packages\rest_framework\views.py", line 338, in check_permissions
    if not permission.has_permission(request, self):
           ^^^^^^^^^^^^^^^^^^^^^^^^^^^^^^^^^^^^^^^^
  File "C:\Users\MSI\Desktop\9B\Proyecto 9B\API_wearable\env\Lib\site-packages\rest_framework\permissions.py", line 151, in has_permission
    return bool(request.user and request.user.is_authenticated)
                                 ^^^^^^^^^^^^^^^^^^^^^^^^^^^^^
AttributeError: 'Usuario' object has no attribute 'is_authenticated'
[2025-11-05 10:29:30] [ERROR] [django.server:213] "GET /api/usuarios/22/ HTTP/1.1" 500 131025
[2025-11-05 10:29:32] [ERROR] [api.views.UsuarioViewSet:210] [log_exception] NotAuthenticated: Authentication credentials were not provided. | Context: action=retrieve, view=UsuarioViewSet
Traceback (most recent call last):
  File "C:\Users\MSI\Desktop\9B\Proyecto 9B\API_wearable\env\Lib\site-packages\rest_framework\views.py", line 503, in dispatch
    self.initial(request, *args, **kwargs)
  File "C:\Users\MSI\Desktop\9B\Proyecto 9B\API_wearable\env\Lib\site-packages\sentry_sdk\integrations\django\__init__.py", line 332, in sentry_patched_drf_initial
    return old_drf_initial(self, request, *args, **kwargs)
           ^^^^^^^^^^^^^^^^^^^^^^^^^^^^^^^^^^^^^^^^^^^^^^^
  File "C:\Users\MSI\Desktop\9B\Proyecto 9B\API_wearable\env\Lib\site-packages\rest_framework\views.py", line 421, in initial
    self.check_permissions(request)
  File "C:\Users\MSI\Desktop\9B\Proyecto 9B\API_wearable\env\Lib\site-packages\rest_framework\views.py", line 339, in check_permissions
    self.permission_denied(
  File "C:\Users\MSI\Desktop\9B\Proyecto 9B\API_wearable\env\Lib\site-packages\rest_framework\views.py", line 180, in permission_denied
    raise exceptions.NotAuthenticated()
rest_framework.exceptions.NotAuthenticated: Authentication credentials were not provided.
[2025-11-05 10:33:23] [ERROR] [api.views.UsuarioViewSet:210] [log_exception] NotAuthenticated: Authentication credentials were not provided. | Context: action=retrieve, view=UsuarioViewSet
Traceback (most recent call last):
  File "C:\Users\MSI\Desktop\9B\Proyecto 9B\API_wearable\env\Lib\site-packages\rest_framework\views.py", line 503, in dispatch
    self.initial(request, *args, **kwargs)
  File "C:\Users\MSI\Desktop\9B\Proyecto 9B\API_wearable\env\Lib\site-packages\sentry_sdk\integrations\django\__init__.py", line 332, in sentry_patched_drf_initial
    return old_drf_initial(self, request, *args, **kwargs)
           ^^^^^^^^^^^^^^^^^^^^^^^^^^^^^^^^^^^^^^^^^^^^^^^
  File "C:\Users\MSI\Desktop\9B\Proyecto 9B\API_wearable\env\Lib\site-packages\rest_framework\views.py", line 421, in initial
    self.check_permissions(request)
  File "C:\Users\MSI\Desktop\9B\Proyecto 9B\API_wearable\env\Lib\site-packages\rest_framework\views.py", line 339, in check_permissions
    self.permission_denied(
  File "C:\Users\MSI\Desktop\9B\Proyecto 9B\API_wearable\env\Lib\site-packages\rest_framework\views.py", line 180, in permission_denied
    raise exceptions.NotAuthenticated()
rest_framework.exceptions.NotAuthenticated: Authentication credentials were not provided.
[2025-11-05 12:37:10] [ERROR] [django.request:253] Internal Server Error: /api/consumidores
Traceback (most recent call last):
  File "C:\Users\MSI\Desktop\9B\Proyecto 9B\API_wearable\env\Lib\site-packages\django\core\handlers\exception.py", line 55, in inner
    response = get_response(request)
               ^^^^^^^^^^^^^^^^^^^^^
  File "C:\Users\MSI\Desktop\9B\Proyecto 9B\API_wearable\env\Lib\site-packages\sentry_sdk\integrations\django\middleware.py", line 177, in __call__
    return f(*args, **kwargs)
           ^^^^^^^^^^^^^^^^^^
  File "C:\Users\MSI\Desktop\9B\Proyecto 9B\API_wearable\env\Lib\site-packages\django\utils\deprecation.py", line 122, in __call__
    response = self.process_response(request, response)
               ^^^^^^^^^^^^^^^^^^^^^^^^^^^^^^^^^^^^^^^^
  File "C:\Users\MSI\Desktop\9B\Proyecto 9B\API_wearable\env\Lib\site-packages\django\middleware\common.py", line 108, in process_response
    return self.response_redirect_class(self.get_full_path_with_slash(request))
                                        ^^^^^^^^^^^^^^^^^^^^^^^^^^^^^^^^^^^^^^
  File "C:\Users\MSI\Desktop\9B\Proyecto 9B\API_wearable\env\Lib\site-packages\django\middleware\common.py", line 87, in get_full_path_with_slash
    raise RuntimeError(
RuntimeError: You called this URL via POST, but the URL doesn't end in a slash and you have APPEND_SLASH set. Django can't redirect to the slash URL while maintaining POST data. Change your form to point to 127.0.0.1:8000/api/consumidores/ (note the trailing slash), or set APPEND_SLASH=False in your Django settings.
[2025-11-05 12:37:10] [ERROR] [django.server:213] "POST /api/consumidores HTTP/1.1" 500 92060
[2025-11-05 13:23:42] [ERROR] [api.views.ConsumidorViewSet:111] [log_exception] IntegrityError: duplicate key value violates unique constraint "consumidores_usuario_id_key"
DETAIL:  Key (usuario_id)=(27) already exists. | Context: action=create, view=ConsumidorViewSet
Traceback (most recent call last):
  File "C:\Users\MSI\Desktop\9B\Proyecto 9B\API_wearable\env\Lib\site-packages\django\db\backends\utils.py", line 105, in _execute
    return self.cursor.execute(sql, params)
           ^^^^^^^^^^^^^^^^^^^^^^^^^^^^^^^^
  File "C:\Users\MSI\Desktop\9B\Proyecto 9B\API_wearable\env\Lib\site-packages\psycopg\cursor.py", line 97, in execute
    raise ex.with_traceback(None)
psycopg.errors.UniqueViolation: duplicate key value violates unique constraint "consumidores_usuario_id_key"
DETAIL:  Key (usuario_id)=(27) already exists.

The above exception was the direct cause of the following exception:

Traceback (most recent call last):
  File "C:\Users\MSI\Desktop\9B\Proyecto 9B\API_wearable\env\Lib\site-packages\rest_framework\views.py", line 512, in dispatch
    response = handler(request, *args, **kwargs)
               ^^^^^^^^^^^^^^^^^^^^^^^^^^^^^^^^^
  File "C:\Users\MSI\Desktop\9B\Proyecto 9B\API_wearable\env\Lib\site-packages\rest_framework\mixins.py", line 19, in create
    self.perform_create(serializer)
  File "C:\Users\MSI\Desktop\9B\Proyecto 9B\API_wearable\env\Lib\site-packages\rest_framework\mixins.py", line 24, in perform_create
    serializer.save()
  File "C:\Users\MSI\Desktop\9B\Proyecto 9B\API_wearable\env\Lib\site-packages\rest_framework\serializers.py", line 210, in save
    self.instance = self.create(validated_data)
                    ^^^^^^^^^^^^^^^^^^^^^^^^^^^
  File "C:\Users\MSI\Desktop\9B\Proyecto 9B\API_wearable\env\Lib\site-packages\rest_framework\serializers.py", line 991, in create
    instance = ModelClass._default_manager.create(**validated_data)
               ^^^^^^^^^^^^^^^^^^^^^^^^^^^^^^^^^^^^^^^^^^^^^^^^^^^^
  File "C:\Users\MSI\Desktop\9B\Proyecto 9B\API_wearable\env\Lib\site-packages\django\db\models\manager.py", line 87, in manager_method
    return getattr(self.get_queryset(), name)(*args, **kwargs)
           ^^^^^^^^^^^^^^^^^^^^^^^^^^^^^^^^^^^^^^^^^^^^^^^^^^^
  File "C:\Users\MSI\Desktop\9B\Proyecto 9B\API_wearable\env\Lib\site-packages\django\db\models\query.py", line 663, in create
    obj.save(force_insert=True, using=self.db)
  File "C:\Users\MSI\Desktop\9B\Proyecto 9B\API_wearable\env\Lib\site-packages\django\db\models\base.py", line 902, in save
    self.save_base(
  File "C:\Users\MSI\Desktop\9B\Proyecto 9B\API_wearable\env\Lib\site-packages\django\db\models\base.py", line 1008, in save_base
    updated = self._save_table(
              ^^^^^^^^^^^^^^^^^
  File "C:\Users\MSI\Desktop\9B\Proyecto 9B\API_wearable\env\Lib\site-packages\django\db\models\base.py", line 1169, in _save_table
    results = self._do_insert(
              ^^^^^^^^^^^^^^^^
  File "C:\Users\MSI\Desktop\9B\Proyecto 9B\API_wearable\env\Lib\site-packages\django\db\models\base.py", line 1210, in _do_insert
    return manager._insert(
           ^^^^^^^^^^^^^^^^
  File "C:\Users\MSI\Desktop\9B\Proyecto 9B\API_wearable\env\Lib\site-packages\django\db\models\manager.py", line 87, in manager_method
    return getattr(self.get_queryset(), name)(*args, **kwargs)
           ^^^^^^^^^^^^^^^^^^^^^^^^^^^^^^^^^^^^^^^^^^^^^^^^^^^
  File "C:\Users\MSI\Desktop\9B\Proyecto 9B\API_wearable\env\Lib\site-packages\django\db\models\query.py", line 1868, in _insert
    return query.get_compiler(using=using).execute_sql(returning_fields)
           ^^^^^^^^^^^^^^^^^^^^^^^^^^^^^^^^^^^^^^^^^^^^^^^^^^^^^^^^^^^^^
  File "C:\Users\MSI\Desktop\9B\Proyecto 9B\API_wearable\env\Lib\site-packages\django\db\models\sql\compiler.py", line 1882, in execute_sql
    cursor.execute(sql, params)
  File "C:\Users\MSI\Desktop\9B\Proyecto 9B\API_wearable\env\Lib\site-packages\django\db\backends\utils.py", line 122, in execute
    return super().execute(sql, params)
           ^^^^^^^^^^^^^^^^^^^^^^^^^^^^
  File "C:\Users\MSI\Desktop\9B\Proyecto 9B\API_wearable\env\Lib\site-packages\sentry_sdk\utils.py", line 1851, in runner
    return sentry_patched_function(*args, **kwargs)
           ^^^^^^^^^^^^^^^^^^^^^^^^^^^^^^^^^^^^^^^^
  File "C:\Users\MSI\Desktop\9B\Proyecto 9B\API_wearable\env\Lib\site-packages\sentry_sdk\integrations\django\__init__.py", line 652, in execute
    result = real_execute(self, sql, params)
             ^^^^^^^^^^^^^^^^^^^^^^^^^^^^^^^
  File "C:\Users\MSI\Desktop\9B\Proyecto 9B\API_wearable\env\Lib\site-packages\django\db\backends\utils.py", line 79, in execute
    return self._execute_with_wrappers(
           ^^^^^^^^^^^^^^^^^^^^^^^^^^^^
  File "C:\Users\MSI\Desktop\9B\Proyecto 9B\API_wearable\env\Lib\site-packages\django\db\backends\utils.py", line 92, in _execute_with_wrappers
    return executor(sql, params, many, context)
           ^^^^^^^^^^^^^^^^^^^^^^^^^^^^^^^^^^^^
  File "C:\Users\MSI\Desktop\9B\Proyecto 9B\API_wearable\env\Lib\site-packages\django\db\backends\utils.py", line 100, in _execute
    with self.db.wrap_database_errors:
  File "C:\Users\MSI\Desktop\9B\Proyecto 9B\API_wearable\env\Lib\site-packages\django\db\utils.py", line 91, in __exit__
    raise dj_exc_value.with_traceback(traceback) from exc_value
  File "C:\Users\MSI\Desktop\9B\Proyecto 9B\API_wearable\env\Lib\site-packages\django\db\backends\utils.py", line 105, in _execute
    return self.cursor.execute(sql, params)
           ^^^^^^^^^^^^^^^^^^^^^^^^^^^^^^^^
  File "C:\Users\MSI\Desktop\9B\Proyecto 9B\API_wearable\env\Lib\site-packages\psycopg\cursor.py", line 97, in execute
    raise ex.with_traceback(None)
django.db.utils.IntegrityError: duplicate key value violates unique constraint "consumidores_usuario_id_key"
DETAIL:  Key (usuario_id)=(27) already exists.
[2025-11-05 13:23:43] [ERROR] [django.request:253] Internal Server Error: /api/consumidores/
Traceback (most recent call last):
  File "C:\Users\MSI\Desktop\9B\Proyecto 9B\API_wearable\env\Lib\site-packages\django\db\backends\utils.py", line 105, in _execute
    return self.cursor.execute(sql, params)
           ^^^^^^^^^^^^^^^^^^^^^^^^^^^^^^^^
  File "C:\Users\MSI\Desktop\9B\Proyecto 9B\API_wearable\env\Lib\site-packages\psycopg\cursor.py", line 97, in execute
    raise ex.with_traceback(None)
psycopg.errors.UniqueViolation: duplicate key value violates unique constraint "consumidores_usuario_id_key"
DETAIL:  Key (usuario_id)=(27) already exists.

The above exception was the direct cause of the following exception:

Traceback (most recent call last):
  File "C:\Users\MSI\Desktop\9B\Proyecto 9B\API_wearable\env\Lib\site-packages\django\core\handlers\exception.py", line 55, in inner
    response = get_response(request)
               ^^^^^^^^^^^^^^^^^^^^^
  File "C:\Users\MSI\Desktop\9B\Proyecto 9B\API_wearable\env\Lib\site-packages\django\core\handlers\base.py", line 197, in _get_response
    response = wrapped_callback(request, *callback_args, **callback_kwargs)
               ^^^^^^^^^^^^^^^^^^^^^^^^^^^^^^^^^^^^^^^^^^^^^^^^^^^^^^^^^^^^
  File "C:\Users\MSI\Desktop\9B\Proyecto 9B\API_wearable\env\Lib\site-packages\sentry_sdk\integrations\django\views.py", line 94, in sentry_wrapped_callback
    return callback(request, *args, **kwargs)
           ^^^^^^^^^^^^^^^^^^^^^^^^^^^^^^^^^^
  File "C:\Users\MSI\Desktop\9B\Proyecto 9B\API_wearable\env\Lib\site-packages\django\views\decorators\csrf.py", line 65, in _view_wrapper
    return view_func(request, *args, **kwargs)
           ^^^^^^^^^^^^^^^^^^^^^^^^^^^^^^^^^^^
  File "C:\Users\MSI\Desktop\9B\Proyecto 9B\API_wearable\env\Lib\site-packages\rest_framework\viewsets.py", line 125, in view
    return self.dispatch(request, *args, **kwargs)
           ^^^^^^^^^^^^^^^^^^^^^^^^^^^^^^^^^^^^^^^
  File "C:\Users\MSI\Desktop\9B\Proyecto 9B\API_wearable\env\Lib\site-packages\rest_framework\views.py", line 515, in dispatch
    response = self.handle_exception(exc)
               ^^^^^^^^^^^^^^^^^^^^^^^^^^
  File "C:\Users\MSI\Desktop\9B\Proyecto 9B\API_wearable\Simulador-0910\WearableApi\utils\mixins.py", line 38, in handle_exception
    return super().handle_exception(exc)
           ^^^^^^^^^^^^^^^^^^^^^^^^^^^^^
  File "C:\Users\MSI\Desktop\9B\Proyecto 9B\API_wearable\env\Lib\site-packages\rest_framework\views.py", line 475, in handle_exception
    self.raise_uncaught_exception(exc)
  File "C:\Users\MSI\Desktop\9B\Proyecto 9B\API_wearable\env\Lib\site-packages\rest_framework\views.py", line 486, in raise_uncaught_exception
    raise exc
  File "C:\Users\MSI\Desktop\9B\Proyecto 9B\API_wearable\env\Lib\site-packages\rest_framework\views.py", line 512, in dispatch
    response = handler(request, *args, **kwargs)
               ^^^^^^^^^^^^^^^^^^^^^^^^^^^^^^^^^
  File "C:\Users\MSI\Desktop\9B\Proyecto 9B\API_wearable\env\Lib\site-packages\rest_framework\mixins.py", line 19, in create
    self.perform_create(serializer)
  File "C:\Users\MSI\Desktop\9B\Proyecto 9B\API_wearable\env\Lib\site-packages\rest_framework\mixins.py", line 24, in perform_create
    serializer.save()
  File "C:\Users\MSI\Desktop\9B\Proyecto 9B\API_wearable\env\Lib\site-packages\rest_framework\serializers.py", line 210, in save
    self.instance = self.create(validated_data)
                    ^^^^^^^^^^^^^^^^^^^^^^^^^^^
  File "C:\Users\MSI\Desktop\9B\Proyecto 9B\API_wearable\env\Lib\site-packages\rest_framework\serializers.py", line 991, in create
    instance = ModelClass._default_manager.create(**validated_data)
               ^^^^^^^^^^^^^^^^^^^^^^^^^^^^^^^^^^^^^^^^^^^^^^^^^^^^
  File "C:\Users\MSI\Desktop\9B\Proyecto 9B\API_wearable\env\Lib\site-packages\django\db\models\manager.py", line 87, in manager_method
    return getattr(self.get_queryset(), name)(*args, **kwargs)
           ^^^^^^^^^^^^^^^^^^^^^^^^^^^^^^^^^^^^^^^^^^^^^^^^^^^
  File "C:\Users\MSI\Desktop\9B\Proyecto 9B\API_wearable\env\Lib\site-packages\django\db\models\query.py", line 663, in create
    obj.save(force_insert=True, using=self.db)
  File "C:\Users\MSI\Desktop\9B\Proyecto 9B\API_wearable\env\Lib\site-packages\django\db\models\base.py", line 902, in save
    self.save_base(
  File "C:\Users\MSI\Desktop\9B\Proyecto 9B\API_wearable\env\Lib\site-packages\django\db\models\base.py", line 1008, in save_base
    updated = self._save_table(
              ^^^^^^^^^^^^^^^^^
  File "C:\Users\MSI\Desktop\9B\Proyecto 9B\API_wearable\env\Lib\site-packages\django\db\models\base.py", line 1169, in _save_table
    results = self._do_insert(
              ^^^^^^^^^^^^^^^^
  File "C:\Users\MSI\Desktop\9B\Proyecto 9B\API_wearable\env\Lib\site-packages\django\db\models\base.py", line 1210, in _do_insert
    return manager._insert(
           ^^^^^^^^^^^^^^^^
  File "C:\Users\MSI\Desktop\9B\Proyecto 9B\API_wearable\env\Lib\site-packages\django\db\models\manager.py", line 87, in manager_method
    return getattr(self.get_queryset(), name)(*args, **kwargs)
           ^^^^^^^^^^^^^^^^^^^^^^^^^^^^^^^^^^^^^^^^^^^^^^^^^^^
  File "C:\Users\MSI\Desktop\9B\Proyecto 9B\API_wearable\env\Lib\site-packages\django\db\models\query.py", line 1868, in _insert
    return query.get_compiler(using=using).execute_sql(returning_fields)
           ^^^^^^^^^^^^^^^^^^^^^^^^^^^^^^^^^^^^^^^^^^^^^^^^^^^^^^^^^^^^^
  File "C:\Users\MSI\Desktop\9B\Proyecto 9B\API_wearable\env\Lib\site-packages\django\db\models\sql\compiler.py", line 1882, in execute_sql
    cursor.execute(sql, params)
  File "C:\Users\MSI\Desktop\9B\Proyecto 9B\API_wearable\env\Lib\site-packages\django\db\backends\utils.py", line 122, in execute
    return super().execute(sql, params)
           ^^^^^^^^^^^^^^^^^^^^^^^^^^^^
  File "C:\Users\MSI\Desktop\9B\Proyecto 9B\API_wearable\env\Lib\site-packages\sentry_sdk\utils.py", line 1851, in runner
    return sentry_patched_function(*args, **kwargs)
           ^^^^^^^^^^^^^^^^^^^^^^^^^^^^^^^^^^^^^^^^
  File "C:\Users\MSI\Desktop\9B\Proyecto 9B\API_wearable\env\Lib\site-packages\sentry_sdk\integrations\django\__init__.py", line 652, in execute
    result = real_execute(self, sql, params)
             ^^^^^^^^^^^^^^^^^^^^^^^^^^^^^^^
  File "C:\Users\MSI\Desktop\9B\Proyecto 9B\API_wearable\env\Lib\site-packages\django\db\backends\utils.py", line 79, in execute
    return self._execute_with_wrappers(
           ^^^^^^^^^^^^^^^^^^^^^^^^^^^^
  File "C:\Users\MSI\Desktop\9B\Proyecto 9B\API_wearable\env\Lib\site-packages\django\db\backends\utils.py", line 92, in _execute_with_wrappers
    return executor(sql, params, many, context)
           ^^^^^^^^^^^^^^^^^^^^^^^^^^^^^^^^^^^^
  File "C:\Users\MSI\Desktop\9B\Proyecto 9B\API_wearable\env\Lib\site-packages\django\db\backends\utils.py", line 100, in _execute
    with self.db.wrap_database_errors:
  File "C:\Users\MSI\Desktop\9B\Proyecto 9B\API_wearable\env\Lib\site-packages\django\db\utils.py", line 91, in __exit__
    raise dj_exc_value.with_traceback(traceback) from exc_value
  File "C:\Users\MSI\Desktop\9B\Proyecto 9B\API_wearable\env\Lib\site-packages\django\db\backends\utils.py", line 105, in _execute
    return self.cursor.execute(sql, params)
           ^^^^^^^^^^^^^^^^^^^^^^^^^^^^^^^^
  File "C:\Users\MSI\Desktop\9B\Proyecto 9B\API_wearable\env\Lib\site-packages\psycopg\cursor.py", line 97, in execute
    raise ex.with_traceback(None)
django.db.utils.IntegrityError: duplicate key value violates unique constraint "consumidores_usuario_id_key"
DETAIL:  Key (usuario_id)=(27) already exists.
[2025-11-05 13:23:43] [ERROR] [django.server:213] "POST /api/consumidores/ HTTP/1.1" 500 257361
[2025-11-05 13:31:46] [ERROR] [api.views.FormularioViewSet:111] [log_exception] FieldError: Non-relational field given in select_related: 'habito'. Choices are: consumidor | Context: action=list, view=FormularioViewSet
Traceback (most recent call last):
  File "C:\Users\MSI\Desktop\9B\Proyecto 9B\API_wearable\env\Lib\site-packages\rest_framework\views.py", line 512, in dispatch
    response = handler(request, *args, **kwargs)
               ^^^^^^^^^^^^^^^^^^^^^^^^^^^^^^^^^
  File "C:\Users\MSI\Desktop\9B\Proyecto 9B\API_wearable\env\Lib\site-packages\rest_framework\mixins.py", line 40, in list
    page = self.paginate_queryset(queryset)
           ^^^^^^^^^^^^^^^^^^^^^^^^^^^^^^^^
  File "C:\Users\MSI\Desktop\9B\Proyecto 9B\API_wearable\env\Lib\site-packages\rest_framework\generics.py", line 175, in paginate_queryset
    return self.paginator.paginate_queryset(queryset, self.request, view=self)
           ^^^^^^^^^^^^^^^^^^^^^^^^^^^^^^^^^^^^^^^^^^^^^^^^^^^^^^^^^^^^^^^^^^^
  File "C:\Users\MSI\Desktop\9B\Proyecto 9B\API_wearable\env\Lib\site-packages\rest_framework\pagination.py", line 222, in paginate_queryset
    return list(self.page)
           ^^^^^^^^^^^^^^^
  File "C:\Users\MSI\Desktop\9B\Proyecto 9B\API_wearable\env\Lib\site-packages\django\core\paginator.py", line 191, in __len__
    return len(self.object_list)
           ^^^^^^^^^^^^^^^^^^^^^
  File "C:\Users\MSI\Desktop\9B\Proyecto 9B\API_wearable\env\Lib\site-packages\django\db\models\query.py", line 366, in __len__
    self._fetch_all()
  File "C:\Users\MSI\Desktop\9B\Proyecto 9B\API_wearable\env\Lib\site-packages\django\db\models\query.py", line 1949, in _fetch_all
    self._result_cache = list(self._iterable_class(self))
                         ^^^^^^^^^^^^^^^^^^^^^^^^^^^^^^^^
  File "C:\Users\MSI\Desktop\9B\Proyecto 9B\API_wearable\env\Lib\site-packages\django\db\models\query.py", line 91, in __iter__
    results = compiler.execute_sql(
              ^^^^^^^^^^^^^^^^^^^^^
  File "C:\Users\MSI\Desktop\9B\Proyecto 9B\API_wearable\env\Lib\site-packages\django\db\models\sql\compiler.py", line 1610, in execute_sql
    sql, params = self.as_sql()
                  ^^^^^^^^^^^^^
  File "C:\Users\MSI\Desktop\9B\Proyecto 9B\API_wearable\env\Lib\site-packages\django\db\models\sql\compiler.py", line 766, in as_sql
    extra_select, order_by, group_by = self.pre_sql_setup(
                                       ^^^^^^^^^^^^^^^^^^^
  File "C:\Users\MSI\Desktop\9B\Proyecto 9B\API_wearable\env\Lib\site-packages\django\db\models\sql\compiler.py", line 85, in pre_sql_setup
    self.setup_query(with_col_aliases=with_col_aliases)
  File "C:\Users\MSI\Desktop\9B\Proyecto 9B\API_wearable\env\Lib\site-packages\django\db\models\sql\compiler.py", line 74, in setup_query
    self.select, self.klass_info, self.annotation_col_map = self.get_select(
                                                            ^^^^^^^^^^^^^^^^
  File "C:\Users\MSI\Desktop\9B\Proyecto 9B\API_wearable\env\Lib\site-packages\django\db\models\sql\compiler.py", line 299, in get_select
    related_klass_infos = self.get_related_selections(select, select_mask)
                          ^^^^^^^^^^^^^^^^^^^^^^^^^^^^^^^^^^^^^^^^^^^^^^^^
  File "C:\Users\MSI\Desktop\9B\Proyecto 9B\API_wearable\env\Lib\site-packages\django\db\models\sql\compiler.py", line 1230, in get_related_selections
    raise FieldError(
django.core.exceptions.FieldError: Non-relational field given in select_related: 'habito'. Choices are: consumidor
[2025-11-05 13:31:46] [ERROR] [django.request:253] Internal Server Error: /api/formularios/
Traceback (most recent call last):
  File "C:\Users\MSI\Desktop\9B\Proyecto 9B\API_wearable\env\Lib\site-packages\django\core\handlers\exception.py", line 55, in inner
    response = get_response(request)
               ^^^^^^^^^^^^^^^^^^^^^
  File "C:\Users\MSI\Desktop\9B\Proyecto 9B\API_wearable\env\Lib\site-packages\django\core\handlers\base.py", line 197, in _get_response
    response = wrapped_callback(request, *callback_args, **callback_kwargs)
               ^^^^^^^^^^^^^^^^^^^^^^^^^^^^^^^^^^^^^^^^^^^^^^^^^^^^^^^^^^^^
  File "C:\Users\MSI\Desktop\9B\Proyecto 9B\API_wearable\env\Lib\site-packages\sentry_sdk\integrations\django\views.py", line 94, in sentry_wrapped_callback
    return callback(request, *args, **kwargs)
           ^^^^^^^^^^^^^^^^^^^^^^^^^^^^^^^^^^
  File "C:\Users\MSI\Desktop\9B\Proyecto 9B\API_wearable\env\Lib\site-packages\django\views\decorators\csrf.py", line 65, in _view_wrapper
    return view_func(request, *args, **kwargs)
           ^^^^^^^^^^^^^^^^^^^^^^^^^^^^^^^^^^^
  File "C:\Users\MSI\Desktop\9B\Proyecto 9B\API_wearable\env\Lib\site-packages\rest_framework\viewsets.py", line 125, in view
    return self.dispatch(request, *args, **kwargs)
           ^^^^^^^^^^^^^^^^^^^^^^^^^^^^^^^^^^^^^^^
  File "C:\Users\MSI\Desktop\9B\Proyecto 9B\API_wearable\env\Lib\site-packages\rest_framework\views.py", line 515, in dispatch
    response = self.handle_exception(exc)
               ^^^^^^^^^^^^^^^^^^^^^^^^^^
  File "C:\Users\MSI\Desktop\9B\Proyecto 9B\API_wearable\Simulador-0910\WearableApi\utils\mixins.py", line 38, in handle_exception
    return super().handle_exception(exc)
           ^^^^^^^^^^^^^^^^^^^^^^^^^^^^^
  File "C:\Users\MSI\Desktop\9B\Proyecto 9B\API_wearable\env\Lib\site-packages\rest_framework\views.py", line 475, in handle_exception
    self.raise_uncaught_exception(exc)
  File "C:\Users\MSI\Desktop\9B\Proyecto 9B\API_wearable\env\Lib\site-packages\rest_framework\views.py", line 486, in raise_uncaught_exception
    raise exc
  File "C:\Users\MSI\Desktop\9B\Proyecto 9B\API_wearable\env\Lib\site-packages\rest_framework\views.py", line 512, in dispatch
    response = handler(request, *args, **kwargs)
               ^^^^^^^^^^^^^^^^^^^^^^^^^^^^^^^^^
  File "C:\Users\MSI\Desktop\9B\Proyecto 9B\API_wearable\env\Lib\site-packages\rest_framework\mixins.py", line 40, in list
    page = self.paginate_queryset(queryset)
           ^^^^^^^^^^^^^^^^^^^^^^^^^^^^^^^^
  File "C:\Users\MSI\Desktop\9B\Proyecto 9B\API_wearable\env\Lib\site-packages\rest_framework\generics.py", line 175, in paginate_queryset
    return self.paginator.paginate_queryset(queryset, self.request, view=self)
           ^^^^^^^^^^^^^^^^^^^^^^^^^^^^^^^^^^^^^^^^^^^^^^^^^^^^^^^^^^^^^^^^^^^
  File "C:\Users\MSI\Desktop\9B\Proyecto 9B\API_wearable\env\Lib\site-packages\rest_framework\pagination.py", line 222, in paginate_queryset
    return list(self.page)
           ^^^^^^^^^^^^^^^
  File "C:\Users\MSI\Desktop\9B\Proyecto 9B\API_wearable\env\Lib\site-packages\django\core\paginator.py", line 191, in __len__
    return len(self.object_list)
           ^^^^^^^^^^^^^^^^^^^^^
  File "C:\Users\MSI\Desktop\9B\Proyecto 9B\API_wearable\env\Lib\site-packages\django\db\models\query.py", line 366, in __len__
    self._fetch_all()
  File "C:\Users\MSI\Desktop\9B\Proyecto 9B\API_wearable\env\Lib\site-packages\django\db\models\query.py", line 1949, in _fetch_all
    self._result_cache = list(self._iterable_class(self))
                         ^^^^^^^^^^^^^^^^^^^^^^^^^^^^^^^^
  File "C:\Users\MSI\Desktop\9B\Proyecto 9B\API_wearable\env\Lib\site-packages\django\db\models\query.py", line 91, in __iter__
    results = compiler.execute_sql(
              ^^^^^^^^^^^^^^^^^^^^^
  File "C:\Users\MSI\Desktop\9B\Proyecto 9B\API_wearable\env\Lib\site-packages\django\db\models\sql\compiler.py", line 1610, in execute_sql
    sql, params = self.as_sql()
                  ^^^^^^^^^^^^^
  File "C:\Users\MSI\Desktop\9B\Proyecto 9B\API_wearable\env\Lib\site-packages\django\db\models\sql\compiler.py", line 766, in as_sql
    extra_select, order_by, group_by = self.pre_sql_setup(
                                       ^^^^^^^^^^^^^^^^^^^
  File "C:\Users\MSI\Desktop\9B\Proyecto 9B\API_wearable\env\Lib\site-packages\django\db\models\sql\compiler.py", line 85, in pre_sql_setup
    self.setup_query(with_col_aliases=with_col_aliases)
  File "C:\Users\MSI\Desktop\9B\Proyecto 9B\API_wearable\env\Lib\site-packages\django\db\models\sql\compiler.py", line 74, in setup_query
    self.select, self.klass_info, self.annotation_col_map = self.get_select(
                                                            ^^^^^^^^^^^^^^^^
  File "C:\Users\MSI\Desktop\9B\Proyecto 9B\API_wearable\env\Lib\site-packages\django\db\models\sql\compiler.py", line 299, in get_select
    related_klass_infos = self.get_related_selections(select, select_mask)
                          ^^^^^^^^^^^^^^^^^^^^^^^^^^^^^^^^^^^^^^^^^^^^^^^^
  File "C:\Users\MSI\Desktop\9B\Proyecto 9B\API_wearable\env\Lib\site-packages\django\db\models\sql\compiler.py", line 1230, in get_related_selections
    raise FieldError(
django.core.exceptions.FieldError: Non-relational field given in select_related: 'habito'. Choices are: consumidor
[2025-11-05 13:31:46] [ERROR] [django.server:213] "GET /api/formularios/?consumidor_id=21 HTTP/1.1" 500 183744
[2025-11-05 13:31:46] [ERROR] [api.views.FormularioViewSet:111] [log_exception] ValidationError: {'consumidor': [ErrorDetail(string='This field is required.', code='required')]} | Context: action=create, view=FormularioViewSet
Traceback (most recent call last):
  File "C:\Users\MSI\Desktop\9B\Proyecto 9B\API_wearable\env\Lib\site-packages\rest_framework\views.py", line 512, in dispatch
    response = handler(request, *args, **kwargs)
               ^^^^^^^^^^^^^^^^^^^^^^^^^^^^^^^^^
  File "C:\Users\MSI\Desktop\9B\Proyecto 9B\API_wearable\env\Lib\site-packages\rest_framework\mixins.py", line 18, in create
    serializer.is_valid(raise_exception=True)
  File "C:\Users\MSI\Desktop\9B\Proyecto 9B\API_wearable\env\Lib\site-packages\rest_framework\serializers.py", line 233, in is_valid
    raise ValidationError(self.errors)
rest_framework.exceptions.ValidationError: {'consumidor': [ErrorDetail(string='This field is required.', code='required')]}
[2025-11-06 15:19:26] [ERROR] [api.views.VwHeartRateTimelineViewSet:111] [log_exception] ProgrammingError: column vw_heart_rate_timeline.id does not exist
LINE 1: SELECT "vw_heart_rate_timeline"."id", "vw_heart_rate_timelin...
               ^ | Context: action=list, view=VwHeartRateTimelineViewSet
Traceback (most recent call last):
  File "C:\Users\MSI\Desktop\9B\Proyecto 9B\API_wearable\env\Lib\site-packages\django\db\backends\utils.py", line 105, in _execute
    return self.cursor.execute(sql, params)
           ^^^^^^^^^^^^^^^^^^^^^^^^^^^^^^^^
  File "C:\Users\MSI\Desktop\9B\Proyecto 9B\API_wearable\env\Lib\site-packages\psycopg\cursor.py", line 97, in execute
    raise ex.with_traceback(None)
psycopg.errors.UndefinedColumn: column vw_heart_rate_timeline.id does not exist
LINE 1: SELECT "vw_heart_rate_timeline"."id", "vw_heart_rate_timelin...
               ^

The above exception was the direct cause of the following exception:

Traceback (most recent call last):
  File "C:\Users\MSI\Desktop\9B\Proyecto 9B\API_wearable\env\Lib\site-packages\rest_framework\views.py", line 512, in dispatch
    response = handler(request, *args, **kwargs)
               ^^^^^^^^^^^^^^^^^^^^^^^^^^^^^^^^^
  File "C:\Users\MSI\Desktop\9B\Proyecto 9B\API_wearable\env\Lib\site-packages\rest_framework\mixins.py", line 40, in list
    page = self.paginate_queryset(queryset)
           ^^^^^^^^^^^^^^^^^^^^^^^^^^^^^^^^
  File "C:\Users\MSI\Desktop\9B\Proyecto 9B\API_wearable\env\Lib\site-packages\rest_framework\generics.py", line 175, in paginate_queryset
    return self.paginator.paginate_queryset(queryset, self.request, view=self)
           ^^^^^^^^^^^^^^^^^^^^^^^^^^^^^^^^^^^^^^^^^^^^^^^^^^^^^^^^^^^^^^^^^^^
  File "C:\Users\MSI\Desktop\9B\Proyecto 9B\API_wearable\env\Lib\site-packages\rest_framework\pagination.py", line 222, in paginate_queryset
    return list(self.page)
           ^^^^^^^^^^^^^^^
  File "C:\Users\MSI\Desktop\9B\Proyecto 9B\API_wearable\env\Lib\site-packages\django\core\paginator.py", line 191, in __len__
    return len(self.object_list)
           ^^^^^^^^^^^^^^^^^^^^^
  File "C:\Users\MSI\Desktop\9B\Proyecto 9B\API_wearable\env\Lib\site-packages\django\db\models\query.py", line 366, in __len__
    self._fetch_all()
  File "C:\Users\MSI\Desktop\9B\Proyecto 9B\API_wearable\env\Lib\site-packages\django\db\models\query.py", line 1949, in _fetch_all
    self._result_cache = list(self._iterable_class(self))
                         ^^^^^^^^^^^^^^^^^^^^^^^^^^^^^^^^
  File "C:\Users\MSI\Desktop\9B\Proyecto 9B\API_wearable\env\Lib\site-packages\django\db\models\query.py", line 91, in __iter__
    results = compiler.execute_sql(
              ^^^^^^^^^^^^^^^^^^^^^
  File "C:\Users\MSI\Desktop\9B\Proyecto 9B\API_wearable\env\Lib\site-packages\django\db\models\sql\compiler.py", line 1623, in execute_sql
    cursor.execute(sql, params)
  File "C:\Users\MSI\Desktop\9B\Proyecto 9B\API_wearable\env\Lib\site-packages\django\db\backends\utils.py", line 122, in execute
    return super().execute(sql, params)
           ^^^^^^^^^^^^^^^^^^^^^^^^^^^^
  File "C:\Users\MSI\Desktop\9B\Proyecto 9B\API_wearable\env\Lib\site-packages\sentry_sdk\utils.py", line 1851, in runner
    return sentry_patched_function(*args, **kwargs)
           ^^^^^^^^^^^^^^^^^^^^^^^^^^^^^^^^^^^^^^^^
  File "C:\Users\MSI\Desktop\9B\Proyecto 9B\API_wearable\env\Lib\site-packages\sentry_sdk\integrations\django\__init__.py", line 652, in execute
    result = real_execute(self, sql, params)
             ^^^^^^^^^^^^^^^^^^^^^^^^^^^^^^^
  File "C:\Users\MSI\Desktop\9B\Proyecto 9B\API_wearable\env\Lib\site-packages\django\db\backends\utils.py", line 79, in execute
    return self._execute_with_wrappers(
           ^^^^^^^^^^^^^^^^^^^^^^^^^^^^
  File "C:\Users\MSI\Desktop\9B\Proyecto 9B\API_wearable\env\Lib\site-packages\django\db\backends\utils.py", line 92, in _execute_with_wrappers
    return executor(sql, params, many, context)
           ^^^^^^^^^^^^^^^^^^^^^^^^^^^^^^^^^^^^
  File "C:\Users\MSI\Desktop\9B\Proyecto 9B\API_wearable\env\Lib\site-packages\django\db\backends\utils.py", line 100, in _execute
    with self.db.wrap_database_errors:
  File "C:\Users\MSI\Desktop\9B\Proyecto 9B\API_wearable\env\Lib\site-packages\django\db\utils.py", line 91, in __exit__
    raise dj_exc_value.with_traceback(traceback) from exc_value
  File "C:\Users\MSI\Desktop\9B\Proyecto 9B\API_wearable\env\Lib\site-packages\django\db\backends\utils.py", line 105, in _execute
    return self.cursor.execute(sql, params)
           ^^^^^^^^^^^^^^^^^^^^^^^^^^^^^^^^
  File "C:\Users\MSI\Desktop\9B\Proyecto 9B\API_wearable\env\Lib\site-packages\psycopg\cursor.py", line 97, in execute
    raise ex.with_traceback(None)
django.db.utils.ProgrammingError: column vw_heart_rate_timeline.id does not exist
LINE 1: SELECT "vw_heart_rate_timeline"."id", "vw_heart_rate_timelin...
               ^
[2025-11-06 15:19:28] [ERROR] [django.request:253] Internal Server Error: /api/dashboard/heart-rate/
Traceback (most recent call last):
  File "C:\Users\MSI\Desktop\9B\Proyecto 9B\API_wearable\env\Lib\site-packages\django\db\backends\utils.py", line 105, in _execute
    return self.cursor.execute(sql, params)
           ^^^^^^^^^^^^^^^^^^^^^^^^^^^^^^^^
  File "C:\Users\MSI\Desktop\9B\Proyecto 9B\API_wearable\env\Lib\site-packages\psycopg\cursor.py", line 97, in execute
    raise ex.with_traceback(None)
psycopg.errors.UndefinedColumn: column vw_heart_rate_timeline.id does not exist
LINE 1: SELECT "vw_heart_rate_timeline"."id", "vw_heart_rate_timelin...
               ^

The above exception was the direct cause of the following exception:

Traceback (most recent call last):
  File "C:\Users\MSI\Desktop\9B\Proyecto 9B\API_wearable\env\Lib\site-packages\django\core\handlers\exception.py", line 55, in inner
    response = get_response(request)
               ^^^^^^^^^^^^^^^^^^^^^
  File "C:\Users\MSI\Desktop\9B\Proyecto 9B\API_wearable\env\Lib\site-packages\django\core\handlers\base.py", line 197, in _get_response
    response = wrapped_callback(request, *callback_args, **callback_kwargs)
               ^^^^^^^^^^^^^^^^^^^^^^^^^^^^^^^^^^^^^^^^^^^^^^^^^^^^^^^^^^^^
  File "C:\Users\MSI\Desktop\9B\Proyecto 9B\API_wearable\env\Lib\site-packages\sentry_sdk\integrations\django\views.py", line 94, in sentry_wrapped_callback
    return callback(request, *args, **kwargs)
           ^^^^^^^^^^^^^^^^^^^^^^^^^^^^^^^^^^
  File "C:\Users\MSI\Desktop\9B\Proyecto 9B\API_wearable\env\Lib\site-packages\django\views\decorators\csrf.py", line 65, in _view_wrapper
    return view_func(request, *args, **kwargs)
           ^^^^^^^^^^^^^^^^^^^^^^^^^^^^^^^^^^^
  File "C:\Users\MSI\Desktop\9B\Proyecto 9B\API_wearable\env\Lib\site-packages\rest_framework\viewsets.py", line 125, in view
    return self.dispatch(request, *args, **kwargs)
           ^^^^^^^^^^^^^^^^^^^^^^^^^^^^^^^^^^^^^^^
  File "C:\Users\MSI\Desktop\9B\Proyecto 9B\API_wearable\env\Lib\site-packages\rest_framework\views.py", line 515, in dispatch
    response = self.handle_exception(exc)
               ^^^^^^^^^^^^^^^^^^^^^^^^^^
  File "C:\Users\MSI\Desktop\9B\Proyecto 9B\API_wearable\Simulador-0910\WearableApi\utils\mixins.py", line 38, in handle_exception
    return super().handle_exception(exc)
           ^^^^^^^^^^^^^^^^^^^^^^^^^^^^^
  File "C:\Users\MSI\Desktop\9B\Proyecto 9B\API_wearable\env\Lib\site-packages\rest_framework\views.py", line 475, in handle_exception
    self.raise_uncaught_exception(exc)
  File "C:\Users\MSI\Desktop\9B\Proyecto 9B\API_wearable\env\Lib\site-packages\rest_framework\views.py", line 486, in raise_uncaught_exception
    raise exc
  File "C:\Users\MSI\Desktop\9B\Proyecto 9B\API_wearable\env\Lib\site-packages\rest_framework\views.py", line 512, in dispatch
    response = handler(request, *args, **kwargs)
               ^^^^^^^^^^^^^^^^^^^^^^^^^^^^^^^^^
  File "C:\Users\MSI\Desktop\9B\Proyecto 9B\API_wearable\env\Lib\site-packages\rest_framework\mixins.py", line 40, in list
    page = self.paginate_queryset(queryset)
           ^^^^^^^^^^^^^^^^^^^^^^^^^^^^^^^^
  File "C:\Users\MSI\Desktop\9B\Proyecto 9B\API_wearable\env\Lib\site-packages\rest_framework\generics.py", line 175, in paginate_queryset
    return self.paginator.paginate_queryset(queryset, self.request, view=self)
           ^^^^^^^^^^^^^^^^^^^^^^^^^^^^^^^^^^^^^^^^^^^^^^^^^^^^^^^^^^^^^^^^^^^
  File "C:\Users\MSI\Desktop\9B\Proyecto 9B\API_wearable\env\Lib\site-packages\rest_framework\pagination.py", line 222, in paginate_queryset
    return list(self.page)
           ^^^^^^^^^^^^^^^
  File "C:\Users\MSI\Desktop\9B\Proyecto 9B\API_wearable\env\Lib\site-packages\django\core\paginator.py", line 191, in __len__
    return len(self.object_list)
           ^^^^^^^^^^^^^^^^^^^^^
  File "C:\Users\MSI\Desktop\9B\Proyecto 9B\API_wearable\env\Lib\site-packages\django\db\models\query.py", line 366, in __len__
    self._fetch_all()
  File "C:\Users\MSI\Desktop\9B\Proyecto 9B\API_wearable\env\Lib\site-packages\django\db\models\query.py", line 1949, in _fetch_all
    self._result_cache = list(self._iterable_class(self))
                         ^^^^^^^^^^^^^^^^^^^^^^^^^^^^^^^^
  File "C:\Users\MSI\Desktop\9B\Proyecto 9B\API_wearable\env\Lib\site-packages\django\db\models\query.py", line 91, in __iter__
    results = compiler.execute_sql(
              ^^^^^^^^^^^^^^^^^^^^^
  File "C:\Users\MSI\Desktop\9B\Proyecto 9B\API_wearable\env\Lib\site-packages\django\db\models\sql\compiler.py", line 1623, in execute_sql
    cursor.execute(sql, params)
  File "C:\Users\MSI\Desktop\9B\Proyecto 9B\API_wearable\env\Lib\site-packages\django\db\backends\utils.py", line 122, in execute
    return super().execute(sql, params)
           ^^^^^^^^^^^^^^^^^^^^^^^^^^^^
  File "C:\Users\MSI\Desktop\9B\Proyecto 9B\API_wearable\env\Lib\site-packages\sentry_sdk\utils.py", line 1851, in runner
    return sentry_patched_function(*args, **kwargs)
           ^^^^^^^^^^^^^^^^^^^^^^^^^^^^^^^^^^^^^^^^
  File "C:\Users\MSI\Desktop\9B\Proyecto 9B\API_wearable\env\Lib\site-packages\sentry_sdk\integrations\django\__init__.py", line 652, in execute
    result = real_execute(self, sql, params)
             ^^^^^^^^^^^^^^^^^^^^^^^^^^^^^^^
  File "C:\Users\MSI\Desktop\9B\Proyecto 9B\API_wearable\env\Lib\site-packages\django\db\backends\utils.py", line 79, in execute
    return self._execute_with_wrappers(
           ^^^^^^^^^^^^^^^^^^^^^^^^^^^^
  File "C:\Users\MSI\Desktop\9B\Proyecto 9B\API_wearable\env\Lib\site-packages\django\db\backends\utils.py", line 92, in _execute_with_wrappers
    return executor(sql, params, many, context)
           ^^^^^^^^^^^^^^^^^^^^^^^^^^^^^^^^^^^^
  File "C:\Users\MSI\Desktop\9B\Proyecto 9B\API_wearable\env\Lib\site-packages\django\db\backends\utils.py", line 100, in _execute
    with self.db.wrap_database_errors:
  File "C:\Users\MSI\Desktop\9B\Proyecto 9B\API_wearable\env\Lib\site-packages\django\db\utils.py", line 91, in __exit__
    raise dj_exc_value.with_traceback(traceback) from exc_value
  File "C:\Users\MSI\Desktop\9B\Proyecto 9B\API_wearable\env\Lib\site-packages\django\db\backends\utils.py", line 105, in _execute
    return self.cursor.execute(sql, params)
           ^^^^^^^^^^^^^^^^^^^^^^^^^^^^^^^^
  File "C:\Users\MSI\Desktop\9B\Proyecto 9B\API_wearable\env\Lib\site-packages\psycopg\cursor.py", line 97, in execute
    raise ex.with_traceback(None)
django.db.utils.ProgrammingError: column vw_heart_rate_timeline.id does not exist
LINE 1: SELECT "vw_heart_rate_timeline"."id", "vw_heart_rate_timelin...
               ^
[2025-11-06 15:19:28] [ERROR] [django.server:213] "GET /api/dashboard/heart-rate/?consumidor_id=1 HTTP/1.1" 500 213206
[2025-11-06 15:51:47] [ERROR] [django.request:253] Internal Server Error: /api/dashboard/heart-rate-stats/
Traceback (most recent call last):
  File "C:\Users\MSI\Desktop\9B\Proyecto 9B\API_wearable\env\Lib\site-packages\django\core\handlers\exception.py", line 55, in inner
    response = get_response(request)
               ^^^^^^^^^^^^^^^^^^^^^
  File "C:\Users\MSI\Desktop\9B\Proyecto 9B\API_wearable\env\Lib\site-packages\django\core\handlers\base.py", line 197, in _get_response
    response = wrapped_callback(request, *callback_args, **callback_kwargs)
               ^^^^^^^^^^^^^^^^^^^^^^^^^^^^^^^^^^^^^^^^^^^^^^^^^^^^^^^^^^^^
  File "C:\Users\MSI\Desktop\9B\Proyecto 9B\API_wearable\env\Lib\site-packages\sentry_sdk\integrations\django\views.py", line 94, in sentry_wrapped_callback
    return callback(request, *args, **kwargs)
           ^^^^^^^^^^^^^^^^^^^^^^^^^^^^^^^^^^
  File "C:\Users\MSI\Desktop\9B\Proyecto 9B\API_wearable\env\Lib\site-packages\django\views\decorators\csrf.py", line 65, in _view_wrapper
    return view_func(request, *args, **kwargs)
           ^^^^^^^^^^^^^^^^^^^^^^^^^^^^^^^^^^^
  File "C:\Users\MSI\Desktop\9B\Proyecto 9B\API_wearable\env\Lib\site-packages\rest_framework\viewsets.py", line 104, in view
    self = cls(**initkwargs)
           ^^^^^^^^^^^^^^^^^
  File "C:\Users\MSI\Desktop\9B\Proyecto 9B\API_wearable\Simulador-0910\WearableApi\utils\mixins.py", line 10, in __init__
    self.logger = Logger.get_logger(
                  ^^^^^^^^^^^^^^^^^^
  File "C:\Users\MSI\Desktop\9B\Proyecto 9B\API_wearable\Simulador-0910\WearableApi\utils\logger.py", line 58, in get_logger
    console_handler = instance._create_console_handler(logging.INFO)
                      ^^^^^^^^^^^^^^^^^^^^^^^^^^^^^^^^^^^^^^^^^^^^^^
  File "C:\Users\MSI\Desktop\9B\Proyecto 9B\API_wearable\Simulador-0910\WearableApi\utils\logger.py", line 43, in _create_console_handler
    handler.setFormatter(self.log_format)
                         ^^^^^^^^^^^^^^^
AttributeError: 'Logger' object has no attribute 'log_format'
[2025-11-06 15:51:47] [ERROR] [django.request:253] Internal Server Error: /api/dashboard/daily-summary/
Traceback (most recent call last):
  File "C:\Users\MSI\Desktop\9B\Proyecto 9B\API_wearable\env\Lib\site-packages\django\core\handlers\exception.py", line 55, in inner
    response = get_response(request)
               ^^^^^^^^^^^^^^^^^^^^^
  File "C:\Users\MSI\Desktop\9B\Proyecto 9B\API_wearable\env\Lib\site-packages\django\core\handlers\base.py", line 197, in _get_response
    response = wrapped_callback(request, *callback_args, **callback_kwargs)
               ^^^^^^^^^^^^^^^^^^^^^^^^^^^^^^^^^^^^^^^^^^^^^^^^^^^^^^^^^^^^
  File "C:\Users\MSI\Desktop\9B\Proyecto 9B\API_wearable\env\Lib\site-packages\sentry_sdk\integrations\django\views.py", line 94, in sentry_wrapped_callback
    return callback(request, *args, **kwargs)
           ^^^^^^^^^^^^^^^^^^^^^^^^^^^^^^^^^^
  File "C:\Users\MSI\Desktop\9B\Proyecto 9B\API_wearable\env\Lib\site-packages\django\views\decorators\csrf.py", line 65, in _view_wrapper
    return view_func(request, *args, **kwargs)
           ^^^^^^^^^^^^^^^^^^^^^^^^^^^^^^^^^^^
  File "C:\Users\MSI\Desktop\9B\Proyecto 9B\API_wearable\env\Lib\site-packages\rest_framework\viewsets.py", line 104, in view
    self = cls(**initkwargs)
           ^^^^^^^^^^^^^^^^^
  File "C:\Users\MSI\Desktop\9B\Proyecto 9B\API_wearable\Simulador-0910\WearableApi\utils\mixins.py", line 10, in __init__
    self.logger = Logger.get_logger(
                  ^^^^^^^^^^^^^^^^^^
  File "C:\Users\MSI\Desktop\9B\Proyecto 9B\API_wearable\Simulador-0910\WearableApi\utils\logger.py", line 58, in get_logger
    console_handler = instance._create_console_handler(logging.INFO)
                      ^^^^^^^^^^^^^^^^^^^^^^^^^^^^^^^^^^^^^^^^^^^^^^
  File "C:\Users\MSI\Desktop\9B\Proyecto 9B\API_wearable\Simulador-0910\WearableApi\utils\logger.py", line 43, in _create_console_handler
    handler.setFormatter(self.log_format)
                         ^^^^^^^^^^^^^^^
AttributeError: 'Logger' object has no attribute 'log_format'
[2025-11-06 15:51:47] [ERROR] [django.request:253] Internal Server Error: /api/dashboard/desires-stats/
Traceback (most recent call last):
  File "C:\Users\MSI\Desktop\9B\Proyecto 9B\API_wearable\env\Lib\site-packages\django\core\handlers\exception.py", line 55, in inner
    response = get_response(request)
               ^^^^^^^^^^^^^^^^^^^^^
  File "C:\Users\MSI\Desktop\9B\Proyecto 9B\API_wearable\env\Lib\site-packages\django\core\handlers\base.py", line 197, in _get_response
    response = wrapped_callback(request, *callback_args, **callback_kwargs)
               ^^^^^^^^^^^^^^^^^^^^^^^^^^^^^^^^^^^^^^^^^^^^^^^^^^^^^^^^^^^^
  File "C:\Users\MSI\Desktop\9B\Proyecto 9B\API_wearable\env\Lib\site-packages\sentry_sdk\integrations\django\views.py", line 94, in sentry_wrapped_callback
    return callback(request, *args, **kwargs)
           ^^^^^^^^^^^^^^^^^^^^^^^^^^^^^^^^^^
  File "C:\Users\MSI\Desktop\9B\Proyecto 9B\API_wearable\env\Lib\site-packages\django\views\decorators\csrf.py", line 65, in _view_wrapper
    return view_func(request, *args, **kwargs)
           ^^^^^^^^^^^^^^^^^^^^^^^^^^^^^^^^^^^
  File "C:\Users\MSI\Desktop\9B\Proyecto 9B\API_wearable\env\Lib\site-packages\rest_framework\viewsets.py", line 104, in view
    self = cls(**initkwargs)
           ^^^^^^^^^^^^^^^^^
  File "C:\Users\MSI\Desktop\9B\Proyecto 9B\API_wearable\Simulador-0910\WearableApi\utils\mixins.py", line 10, in __init__
    self.logger = Logger.get_logger(
                  ^^^^^^^^^^^^^^^^^^
  File "C:\Users\MSI\Desktop\9B\Proyecto 9B\API_wearable\Simulador-0910\WearableApi\utils\logger.py", line 58, in get_logger
    console_handler = instance._create_console_handler(logging.INFO)
                      ^^^^^^^^^^^^^^^^^^^^^^^^^^^^^^^^^^^^^^^^^^^^^^
  File "C:\Users\MSI\Desktop\9B\Proyecto 9B\API_wearable\Simulador-0910\WearableApi\utils\logger.py", line 43, in _create_console_handler
    handler.setFormatter(self.log_format)
                         ^^^^^^^^^^^^^^^
AttributeError: 'Logger' object has no attribute 'log_format'
[2025-11-06 15:51:47] [ERROR] [django.request:253] Internal Server Error: /api/dashboard/desires-tracking/
Traceback (most recent call last):
  File "C:\Users\MSI\Desktop\9B\Proyecto 9B\API_wearable\env\Lib\site-packages\django\core\handlers\exception.py", line 55, in inner
    response = get_response(request)
               ^^^^^^^^^^^^^^^^^^^^^
  File "C:\Users\MSI\Desktop\9B\Proyecto 9B\API_wearable\env\Lib\site-packages\django\core\handlers\base.py", line 197, in _get_response
    response = wrapped_callback(request, *callback_args, **callback_kwargs)
               ^^^^^^^^^^^^^^^^^^^^^^^^^^^^^^^^^^^^^^^^^^^^^^^^^^^^^^^^^^^^
  File "C:\Users\MSI\Desktop\9B\Proyecto 9B\API_wearable\env\Lib\site-packages\sentry_sdk\integrations\django\views.py", line 94, in sentry_wrapped_callback
    return callback(request, *args, **kwargs)
           ^^^^^^^^^^^^^^^^^^^^^^^^^^^^^^^^^^
  File "C:\Users\MSI\Desktop\9B\Proyecto 9B\API_wearable\env\Lib\site-packages\django\views\decorators\csrf.py", line 65, in _view_wrapper
    return view_func(request, *args, **kwargs)
           ^^^^^^^^^^^^^^^^^^^^^^^^^^^^^^^^^^^
  File "C:\Users\MSI\Desktop\9B\Proyecto 9B\API_wearable\env\Lib\site-packages\rest_framework\viewsets.py", line 104, in view
    self = cls(**initkwargs)
           ^^^^^^^^^^^^^^^^^
  File "C:\Users\MSI\Desktop\9B\Proyecto 9B\API_wearable\Simulador-0910\WearableApi\utils\mixins.py", line 10, in __init__
    self.logger = Logger.get_logger(
                  ^^^^^^^^^^^^^^^^^^
  File "C:\Users\MSI\Desktop\9B\Proyecto 9B\API_wearable\Simulador-0910\WearableApi\utils\logger.py", line 58, in get_logger
    console_handler = instance._create_console_handler(logging.INFO)
                      ^^^^^^^^^^^^^^^^^^^^^^^^^^^^^^^^^^^^^^^^^^^^^^
  File "C:\Users\MSI\Desktop\9B\Proyecto 9B\API_wearable\Simulador-0910\WearableApi\utils\logger.py", line 43, in _create_console_handler
    handler.setFormatter(self.log_format)
                         ^^^^^^^^^^^^^^^
AttributeError: 'Logger' object has no attribute 'log_format'
[2025-11-06 15:58:52] [ERROR] [django.request:253] Internal Server Error: /api/dashboard/desires-stats/
Traceback (most recent call last):
  File "C:\Users\MSI\Desktop\9B\Proyecto 9B\API_wearable\env\Lib\site-packages\django\core\handlers\exception.py", line 55, in inner
    response = get_response(request)
               ^^^^^^^^^^^^^^^^^^^^^
  File "C:\Users\MSI\Desktop\9B\Proyecto 9B\API_wearable\env\Lib\site-packages\django\core\handlers\base.py", line 197, in _get_response
    response = wrapped_callback(request, *callback_args, **callback_kwargs)
               ^^^^^^^^^^^^^^^^^^^^^^^^^^^^^^^^^^^^^^^^^^^^^^^^^^^^^^^^^^^^
  File "C:\Users\MSI\Desktop\9B\Proyecto 9B\API_wearable\env\Lib\site-packages\sentry_sdk\integrations\django\views.py", line 94, in sentry_wrapped_callback
    return callback(request, *args, **kwargs)
           ^^^^^^^^^^^^^^^^^^^^^^^^^^^^^^^^^^
  File "C:\Users\MSI\Desktop\9B\Proyecto 9B\API_wearable\env\Lib\site-packages\django\views\decorators\csrf.py", line 65, in _view_wrapper
    return view_func(request, *args, **kwargs)
           ^^^^^^^^^^^^^^^^^^^^^^^^^^^^^^^^^^^
  File "C:\Users\MSI\Desktop\9B\Proyecto 9B\API_wearable\env\Lib\site-packages\rest_framework\viewsets.py", line 104, in view
    self = cls(**initkwargs)
           ^^^^^^^^^^^^^^^^^
  File "C:\Users\MSI\Desktop\9B\Proyecto 9B\API_wearable\Simulador-0910\WearableApi\utils\mixins.py", line 10, in __init__
    self.logger = Logger.get_logger(
                  ^^^^^^^^^^^^^^^^^^
  File "C:\Users\MSI\Desktop\9B\Proyecto 9B\API_wearable\Simulador-0910\WearableApi\utils\logger.py", line 58, in get_logger
    console_handler = instance._create_console_handler(logging.INFO)
                      ^^^^^^^^^^^^^^^^^^^^^^^^^^^^^^^^^^^^^^^^^^^^^^
  File "C:\Users\MSI\Desktop\9B\Proyecto 9B\API_wearable\Simulador-0910\WearableApi\utils\logger.py", line 43, in _create_console_handler
    handler.setFormatter(self.log_format)
                         ^^^^^^^^^^^^^^^
AttributeError: 'Logger' object has no attribute 'log_format'
[2025-11-06 15:58:52] [ERROR] [django.server:213] "GET /api/dashboard/desires-stats/?consumidor_id=1 HTTP/1.1" 500 104489
[2025-11-06 16:05:47] [ERROR] [django.request:253] Internal Server Error: /api/dashboard/desires-stats/
Traceback (most recent call last):
  File "C:\Users\MSI\Desktop\9B\Proyecto 9B\API_wearable\env\Lib\site-packages\django\core\handlers\exception.py", line 55, in inner
    response = get_response(request)
               ^^^^^^^^^^^^^^^^^^^^^
  File "C:\Users\MSI\Desktop\9B\Proyecto 9B\API_wearable\env\Lib\site-packages\django\core\handlers\base.py", line 197, in _get_response
    response = wrapped_callback(request, *callback_args, **callback_kwargs)
               ^^^^^^^^^^^^^^^^^^^^^^^^^^^^^^^^^^^^^^^^^^^^^^^^^^^^^^^^^^^^
  File "C:\Users\MSI\Desktop\9B\Proyecto 9B\API_wearable\env\Lib\site-packages\sentry_sdk\integrations\django\views.py", line 94, in sentry_wrapped_callback
    return callback(request, *args, **kwargs)
           ^^^^^^^^^^^^^^^^^^^^^^^^^^^^^^^^^^
  File "C:\Users\MSI\Desktop\9B\Proyecto 9B\API_wearable\env\Lib\site-packages\django\views\decorators\csrf.py", line 65, in _view_wrapper
    return view_func(request, *args, **kwargs)
           ^^^^^^^^^^^^^^^^^^^^^^^^^^^^^^^^^^^
  File "C:\Users\MSI\Desktop\9B\Proyecto 9B\API_wearable\env\Lib\site-packages\rest_framework\viewsets.py", line 104, in view
    self = cls(**initkwargs)
           ^^^^^^^^^^^^^^^^^
  File "C:\Users\MSI\Desktop\9B\Proyecto 9B\API_wearable\Simulador-0910\WearableApi\utils\mixins.py", line 10, in __init__
    self.logger = Logger.get_logger(
                  ^^^^^^^^^^^^^^^^^^
  File "C:\Users\MSI\Desktop\9B\Proyecto 9B\API_wearable\Simulador-0910\WearableApi\utils\logger.py", line 58, in get_logger
    console_handler = instance._create_console_handler(logging.INFO)
                      ^^^^^^^^^^^^^^^^^^^^^^^^^^^^^^^^^^^^^^^^^^^^^^
  File "C:\Users\MSI\Desktop\9B\Proyecto 9B\API_wearable\Simulador-0910\WearableApi\utils\logger.py", line 43, in _create_console_handler
    handler.setFormatter(self.log_format)
                         ^^^^^^^^^^^^^^^
AttributeError: 'Logger' object has no attribute 'log_format'
[2025-11-06 16:05:47] [ERROR] [django.server:213] "GET /api/dashboard/desires-stats/?consumidor_id=1 HTTP/1.1" 500 104489
