[2025-11-05 09:49:46] [ERROR] [api.views.UsuarioViewSet:210] [log_exception] MethodNotAllowed: Method "GET" not allowed. | Context: action=None, view=UsuarioViewSet
Traceback (most recent call last):
  File "C:\Users\MSI\Desktop\9B\Proyecto 9B\API_wearable\env\Lib\site-packages\rest_framework\views.py", line 512, in dispatch
    response = handler(request, *args, **kwargs)
               ^^^^^^^^^^^^^^^^^^^^^^^^^^^^^^^^^
  File "C:\Users\MSI\Desktop\9B\Proyecto 9B\API_wearable\env\Lib\site-packages\rest_framework\views.py", line 173, in http_method_not_allowed
    raise exceptions.MethodNotAllowed(request.method)
rest_framework.exceptions.MethodNotAllowed: Method "GET" not allowed.
[2025-11-05 10:18:02] [ERROR] [api.views.UsuarioViewSet:210] [log_exception] AuthenticationFailed: {'detail': ErrorDetail(string='User not found', code='authentication_failed'), 'code': ErrorDetail(string='user_not_found', code='authentication_failed')} | Context: action=retrieve, view=UsuarioViewSet
Traceback (most recent call last):
  File "C:\Users\MSI\Desktop\9B\Proyecto 9B\API_wearable\env\Lib\site-packages\rest_framework_simplejwt\authentication.py", line 132, in get_user
    user = self.user_model.objects.get(**{api_settings.USER_ID_FIELD: user_id})
           ^^^^^^^^^^^^^^^^^^^^^^^^^^^^^^^^^^^^^^^^^^^^^^^^^^^^^^^^^^^^^^^^^^^^
  File "C:\Users\MSI\Desktop\9B\Proyecto 9B\API_wearable\env\Lib\site-packages\django\db\models\manager.py", line 87, in manager_method
    return getattr(self.get_queryset(), name)(*args, **kwargs)
           ^^^^^^^^^^^^^^^^^^^^^^^^^^^^^^^^^^^^^^^^^^^^^^^^^^^
  File "C:\Users\MSI\Desktop\9B\Proyecto 9B\API_wearable\env\Lib\site-packages\django\db\models\query.py", line 633, in get
    raise self.model.DoesNotExist(
django.contrib.auth.models.User.DoesNotExist: User matching query does not exist.

The above exception was the direct cause of the following exception:

Traceback (most recent call last):
  File "C:\Users\MSI\Desktop\9B\Proyecto 9B\API_wearable\env\Lib\site-packages\rest_framework\views.py", line 503, in dispatch
    self.initial(request, *args, **kwargs)
  File "C:\Users\MSI\Desktop\9B\Proyecto 9B\API_wearable\env\Lib\site-packages\sentry_sdk\integrations\django\__init__.py", line 332, in sentry_patched_drf_initial
    return old_drf_initial(self, request, *args, **kwargs)
           ^^^^^^^^^^^^^^^^^^^^^^^^^^^^^^^^^^^^^^^^^^^^^^^
  File "C:\Users\MSI\Desktop\9B\Proyecto 9B\API_wearable\env\Lib\site-packages\rest_framework\views.py", line 420, in initial
    self.perform_authentication(request)
  File "C:\Users\MSI\Desktop\9B\Proyecto 9B\API_wearable\env\Lib\site-packages\rest_framework\views.py", line 330, in perform_authentication
    request.user
  File "C:\Users\MSI\Desktop\9B\Proyecto 9B\API_wearable\env\Lib\site-packages\rest_framework\request.py", line 232, in user
    self._authenticate()
  File "C:\Users\MSI\Desktop\9B\Proyecto 9B\API_wearable\env\Lib\site-packages\rest_framework\request.py", line 385, in _authenticate
    user_auth_tuple = authenticator.authenticate(self)
                      ^^^^^^^^^^^^^^^^^^^^^^^^^^^^^^^^
  File "C:\Users\MSI\Desktop\9B\Proyecto 9B\API_wearable\env\Lib\site-packages\rest_framework_simplejwt\authentication.py", line 51, in authenticate
    return self.get_user(validated_token), validated_token
           ^^^^^^^^^^^^^^^^^^^^^^^^^^^^^^
  File "C:\Users\MSI\Desktop\9B\Proyecto 9B\API_wearable\env\Lib\site-packages\rest_framework_simplejwt\authentication.py", line 134, in get_user
    raise AuthenticationFailed(
rest_framework_simplejwt.exceptions.AuthenticationFailed: {'detail': ErrorDetail(string='User not found', code='authentication_failed'), 'code': ErrorDetail(string='user_not_found', code='authentication_failed')}
[2025-11-05 10:18:07] [ERROR] [api.services.user_factory:85] Failed to create user: null value in column "genero" of relation "consumidores" violates not-null constraint
DETAIL:  Failing row contains (11, 19, null, null, null, null, 2025-11-05 18:18:07.20139, 2025-11-05 18:18:07.20139, null).
[2025-11-05 10:24:30] [ERROR] [api.views.UsuarioViewSet:210] [log_exception] AuthenticationFailed: {'detail': ErrorDetail(string='User not found', code='authentication_failed'), 'code': ErrorDetail(string='user_not_found', code='authentication_failed')} | Context: action=retrieve, view=UsuarioViewSet
Traceback (most recent call last):
  File "C:\Users\MSI\Desktop\9B\Proyecto 9B\API_wearable\env\Lib\site-packages\rest_framework_simplejwt\authentication.py", line 132, in get_user
    user = self.user_model.objects.get(**{api_settings.USER_ID_FIELD: user_id})
           ^^^^^^^^^^^^^^^^^^^^^^^^^^^^^^^^^^^^^^^^^^^^^^^^^^^^^^^^^^^^^^^^^^^^
  File "C:\Users\MSI\Desktop\9B\Proyecto 9B\API_wearable\env\Lib\site-packages\django\db\models\manager.py", line 87, in manager_method
    return getattr(self.get_queryset(), name)(*args, **kwargs)
           ^^^^^^^^^^^^^^^^^^^^^^^^^^^^^^^^^^^^^^^^^^^^^^^^^^^
  File "C:\Users\MSI\Desktop\9B\Proyecto 9B\API_wearable\env\Lib\site-packages\django\db\models\query.py", line 633, in get
    raise self.model.DoesNotExist(
django.contrib.auth.models.User.DoesNotExist: User matching query does not exist.

The above exception was the direct cause of the following exception:

Traceback (most recent call last):
  File "C:\Users\MSI\Desktop\9B\Proyecto 9B\API_wearable\env\Lib\site-packages\rest_framework\views.py", line 503, in dispatch
    self.initial(request, *args, **kwargs)
  File "C:\Users\MSI\Desktop\9B\Proyecto 9B\API_wearable\env\Lib\site-packages\sentry_sdk\integrations\django\__init__.py", line 332, in sentry_patched_drf_initial
    return old_drf_initial(self, request, *args, **kwargs)
           ^^^^^^^^^^^^^^^^^^^^^^^^^^^^^^^^^^^^^^^^^^^^^^^
  File "C:\Users\MSI\Desktop\9B\Proyecto 9B\API_wearable\env\Lib\site-packages\rest_framework\views.py", line 420, in initial
    self.perform_authentication(request)
  File "C:\Users\MSI\Desktop\9B\Proyecto 9B\API_wearable\env\Lib\site-packages\rest_framework\views.py", line 330, in perform_authentication
    request.user
  File "C:\Users\MSI\Desktop\9B\Proyecto 9B\API_wearable\env\Lib\site-packages\rest_framework\request.py", line 232, in user
    self._authenticate()
  File "C:\Users\MSI\Desktop\9B\Proyecto 9B\API_wearable\env\Lib\site-packages\rest_framework\request.py", line 385, in _authenticate
    user_auth_tuple = authenticator.authenticate(self)
                      ^^^^^^^^^^^^^^^^^^^^^^^^^^^^^^^^
  File "C:\Users\MSI\Desktop\9B\Proyecto 9B\API_wearable\env\Lib\site-packages\rest_framework_simplejwt\authentication.py", line 51, in authenticate
    return self.get_user(validated_token), validated_token
           ^^^^^^^^^^^^^^^^^^^^^^^^^^^^^^
  File "C:\Users\MSI\Desktop\9B\Proyecto 9B\API_wearable\env\Lib\site-packages\rest_framework_simplejwt\authentication.py", line 134, in get_user
    raise AuthenticationFailed(
rest_framework_simplejwt.exceptions.AuthenticationFailed: {'detail': ErrorDetail(string='User not found', code='authentication_failed'), 'code': ErrorDetail(string='user_not_found', code='authentication_failed')}
[2025-11-05 10:24:32] [ERROR] [api.views.UsuarioViewSet:210] [log_exception] NotAuthenticated: Authentication credentials were not provided. | Context: action=retrieve, view=UsuarioViewSet
Traceback (most recent call last):
  File "C:\Users\MSI\Desktop\9B\Proyecto 9B\API_wearable\env\Lib\site-packages\rest_framework\views.py", line 503, in dispatch
    self.initial(request, *args, **kwargs)
  File "C:\Users\MSI\Desktop\9B\Proyecto 9B\API_wearable\env\Lib\site-packages\sentry_sdk\integrations\django\__init__.py", line 332, in sentry_patched_drf_initial
    return old_drf_initial(self, request, *args, **kwargs)
           ^^^^^^^^^^^^^^^^^^^^^^^^^^^^^^^^^^^^^^^^^^^^^^^
  File "C:\Users\MSI\Desktop\9B\Proyecto 9B\API_wearable\env\Lib\site-packages\rest_framework\views.py", line 421, in initial
    self.check_permissions(request)
  File "C:\Users\MSI\Desktop\9B\Proyecto 9B\API_wearable\env\Lib\site-packages\rest_framework\views.py", line 339, in check_permissions
    self.permission_denied(
  File "C:\Users\MSI\Desktop\9B\Proyecto 9B\API_wearable\env\Lib\site-packages\rest_framework\views.py", line 180, in permission_denied
    raise exceptions.NotAuthenticated()
rest_framework.exceptions.NotAuthenticated: Authentication credentials were not provided.
[2025-11-05 10:29:30] [ERROR] [api.views.UsuarioViewSet:210] [log_exception] AttributeError: 'Usuario' object has no attribute 'is_authenticated' | Context: action=retrieve, view=UsuarioViewSet
Traceback (most recent call last):
  File "C:\Users\MSI\Desktop\9B\Proyecto 9B\API_wearable\env\Lib\site-packages\rest_framework\views.py", line 503, in dispatch
    self.initial(request, *args, **kwargs)
  File "C:\Users\MSI\Desktop\9B\Proyecto 9B\API_wearable\env\Lib\site-packages\sentry_sdk\integrations\django\__init__.py", line 332, in sentry_patched_drf_initial
    return old_drf_initial(self, request, *args, **kwargs)
           ^^^^^^^^^^^^^^^^^^^^^^^^^^^^^^^^^^^^^^^^^^^^^^^
  File "C:\Users\MSI\Desktop\9B\Proyecto 9B\API_wearable\env\Lib\site-packages\rest_framework\views.py", line 421, in initial
    self.check_permissions(request)
  File "C:\Users\MSI\Desktop\9B\Proyecto 9B\API_wearable\env\Lib\site-packages\rest_framework\views.py", line 338, in check_permissions
    if not permission.has_permission(request, self):
           ^^^^^^^^^^^^^^^^^^^^^^^^^^^^^^^^^^^^^^^^
  File "C:\Users\MSI\Desktop\9B\Proyecto 9B\API_wearable\env\Lib\site-packages\rest_framework\permissions.py", line 151, in has_permission
    return bool(request.user and request.user.is_authenticated)
                                 ^^^^^^^^^^^^^^^^^^^^^^^^^^^^^
AttributeError: 'Usuario' object has no attribute 'is_authenticated'
[2025-11-05 10:29:30] [ERROR] [django.request:253] Internal Server Error: /api/usuarios/22/
Traceback (most recent call last):
  File "C:\Users\MSI\Desktop\9B\Proyecto 9B\API_wearable\env\Lib\site-packages\django\core\handlers\exception.py", line 55, in inner
    response = get_response(request)
               ^^^^^^^^^^^^^^^^^^^^^
  File "C:\Users\MSI\Desktop\9B\Proyecto 9B\API_wearable\env\Lib\site-packages\django\core\handlers\base.py", line 197, in _get_response
    response = wrapped_callback(request, *callback_args, **callback_kwargs)
               ^^^^^^^^^^^^^^^^^^^^^^^^^^^^^^^^^^^^^^^^^^^^^^^^^^^^^^^^^^^^
  File "C:\Users\MSI\Desktop\9B\Proyecto 9B\API_wearable\env\Lib\site-packages\sentry_sdk\integrations\django\views.py", line 94, in sentry_wrapped_callback
    return callback(request, *args, **kwargs)
           ^^^^^^^^^^^^^^^^^^^^^^^^^^^^^^^^^^
  File "C:\Users\MSI\Desktop\9B\Proyecto 9B\API_wearable\env\Lib\site-packages\django\views\decorators\csrf.py", line 65, in _view_wrapper
    return view_func(request, *args, **kwargs)
           ^^^^^^^^^^^^^^^^^^^^^^^^^^^^^^^^^^^
  File "C:\Users\MSI\Desktop\9B\Proyecto 9B\API_wearable\env\Lib\site-packages\rest_framework\viewsets.py", line 125, in view
    return self.dispatch(request, *args, **kwargs)
           ^^^^^^^^^^^^^^^^^^^^^^^^^^^^^^^^^^^^^^^
  File "C:\Users\MSI\Desktop\9B\Proyecto 9B\API_wearable\env\Lib\site-packages\rest_framework\views.py", line 515, in dispatch
    response = self.handle_exception(exc)
               ^^^^^^^^^^^^^^^^^^^^^^^^^^
  File "C:\Users\MSI\Desktop\9B\Proyecto 9B\API_wearable\Simulador-0910\WearableApi\utils\mixins.py", line 59, in handle_exception
    return super().handle_exception(exc)
           ^^^^^^^^^^^^^^^^^^^^^^^^^^^^^
  File "C:\Users\MSI\Desktop\9B\Proyecto 9B\API_wearable\env\Lib\site-packages\rest_framework\views.py", line 475, in handle_exception
    self.raise_uncaught_exception(exc)
  File "C:\Users\MSI\Desktop\9B\Proyecto 9B\API_wearable\env\Lib\site-packages\rest_framework\views.py", line 486, in raise_uncaught_exception
    raise exc
  File "C:\Users\MSI\Desktop\9B\Proyecto 9B\API_wearable\env\Lib\site-packages\rest_framework\views.py", line 503, in dispatch
    self.initial(request, *args, **kwargs)
  File "C:\Users\MSI\Desktop\9B\Proyecto 9B\API_wearable\env\Lib\site-packages\sentry_sdk\integrations\django\__init__.py", line 332, in sentry_patched_drf_initial
    return old_drf_initial(self, request, *args, **kwargs)
           ^^^^^^^^^^^^^^^^^^^^^^^^^^^^^^^^^^^^^^^^^^^^^^^
  File "C:\Users\MSI\Desktop\9B\Proyecto 9B\API_wearable\env\Lib\site-packages\rest_framework\views.py", line 421, in initial
    self.check_permissions(request)
  File "C:\Users\MSI\Desktop\9B\Proyecto 9B\API_wearable\env\Lib\site-packages\rest_framework\views.py", line 338, in check_permissions
    if not permission.has_permission(request, self):
           ^^^^^^^^^^^^^^^^^^^^^^^^^^^^^^^^^^^^^^^^
  File "C:\Users\MSI\Desktop\9B\Proyecto 9B\API_wearable\env\Lib\site-packages\rest_framework\permissions.py", line 151, in has_permission
    return bool(request.user and request.user.is_authenticated)
                                 ^^^^^^^^^^^^^^^^^^^^^^^^^^^^^
AttributeError: 'Usuario' object has no attribute 'is_authenticated'
[2025-11-05 10:29:30] [ERROR] [django.server:213] "GET /api/usuarios/22/ HTTP/1.1" 500 131025
[2025-11-05 10:29:32] [ERROR] [api.views.UsuarioViewSet:210] [log_exception] NotAuthenticated: Authentication credentials were not provided. | Context: action=retrieve, view=UsuarioViewSet
Traceback (most recent call last):
  File "C:\Users\MSI\Desktop\9B\Proyecto 9B\API_wearable\env\Lib\site-packages\rest_framework\views.py", line 503, in dispatch
    self.initial(request, *args, **kwargs)
  File "C:\Users\MSI\Desktop\9B\Proyecto 9B\API_wearable\env\Lib\site-packages\sentry_sdk\integrations\django\__init__.py", line 332, in sentry_patched_drf_initial
    return old_drf_initial(self, request, *args, **kwargs)
           ^^^^^^^^^^^^^^^^^^^^^^^^^^^^^^^^^^^^^^^^^^^^^^^
  File "C:\Users\MSI\Desktop\9B\Proyecto 9B\API_wearable\env\Lib\site-packages\rest_framework\views.py", line 421, in initial
    self.check_permissions(request)
  File "C:\Users\MSI\Desktop\9B\Proyecto 9B\API_wearable\env\Lib\site-packages\rest_framework\views.py", line 339, in check_permissions
    self.permission_denied(
  File "C:\Users\MSI\Desktop\9B\Proyecto 9B\API_wearable\env\Lib\site-packages\rest_framework\views.py", line 180, in permission_denied
    raise exceptions.NotAuthenticated()
rest_framework.exceptions.NotAuthenticated: Authentication credentials were not provided.
[2025-11-05 10:33:23] [ERROR] [api.views.UsuarioViewSet:210] [log_exception] NotAuthenticated: Authentication credentials were not provided. | Context: action=retrieve, view=UsuarioViewSet
Traceback (most recent call last):
  File "C:\Users\MSI\Desktop\9B\Proyecto 9B\API_wearable\env\Lib\site-packages\rest_framework\views.py", line 503, in dispatch
    self.initial(request, *args, **kwargs)
  File "C:\Users\MSI\Desktop\9B\Proyecto 9B\API_wearable\env\Lib\site-packages\sentry_sdk\integrations\django\__init__.py", line 332, in sentry_patched_drf_initial
    return old_drf_initial(self, request, *args, **kwargs)
           ^^^^^^^^^^^^^^^^^^^^^^^^^^^^^^^^^^^^^^^^^^^^^^^
  File "C:\Users\MSI\Desktop\9B\Proyecto 9B\API_wearable\env\Lib\site-packages\rest_framework\views.py", line 421, in initial
    self.check_permissions(request)
  File "C:\Users\MSI\Desktop\9B\Proyecto 9B\API_wearable\env\Lib\site-packages\rest_framework\views.py", line 339, in check_permissions
    self.permission_denied(
  File "C:\Users\MSI\Desktop\9B\Proyecto 9B\API_wearable\env\Lib\site-packages\rest_framework\views.py", line 180, in permission_denied
    raise exceptions.NotAuthenticated()
rest_framework.exceptions.NotAuthenticated: Authentication credentials were not provided.
