[2025-11-04 10:45:21] [INFO] [django.utils.autoreload:667] Watching for file changes with StatReloader
[2025-11-04 10:45:40] [INFO] [django.server:213] "OPTIONS /api/usuarios/register/ HTTP/1.1" 200 0
[2025-11-04 10:45:40] [INFO] [api.views.UsuarioViewSet] ðŸ“¥ POST /api/usuarios/register/ | Action: register
[2025-11-04 10:45:41] [INFO] [api.services.user_factory:76] Created Consumidor: esteban321@gmail.com (ID: 17, Profile ID: 9)
[2025-11-04 10:45:41] [INFO] [api.views.UsuarioViewSet] New user registered: esteban321@gmail.com (rol: consumidor)
[2025-11-04 10:45:41] [INFO] [api.views.UsuarioViewSet] ðŸ“¤ âœ“ Response: 201 | Action: register
[2025-11-04 10:45:41] [INFO] [django.server:213] "POST /api/usuarios/register/ HTTP/1.1" 201 105
[2025-11-05 09:48:51] [INFO] [django.utils.autoreload:667] Watching for file changes with StatReloader
[2025-11-05 09:49:20] [INFO] [django.server:213] "OPTIONS /api/usuarios/login/ HTTP/1.1" 200 0
[2025-11-05 09:49:20] [INFO] [api.views.UsuarioViewSet] ðŸ“¥ POST /api/usuarios/login/ | Action: login
[2025-11-05 09:49:21] [WARNING] [api.services.auth_service:90] Failed login: esteban5342@gmail.com (user not found)
[2025-11-05 09:49:21] [INFO] [api.views.UsuarioViewSet] ðŸ“¤ âœ— Response: 401 | Action: login
[2025-11-05 09:49:21] [WARNING] [django.request:253] Unauthorized: /api/usuarios/login/
[2025-11-05 09:49:21] [WARNING] [django.server:213] "POST /api/usuarios/login/ HTTP/1.1" 401 31
[2025-11-05 09:49:46] [INFO] [api.views.UsuarioViewSet] ðŸ“¥ GET /api/usuarios/login/ | Action: None
[2025-11-05 09:49:46] [ERROR] [api.views.UsuarioViewSet] MethodNotAllowed: Method "GET" not allowed. | Context: action=None, view=UsuarioViewSet
Traceback (most recent call last):
  File "C:\Users\MSI\Desktop\9B\Proyecto 9B\API_wearable\env\Lib\site-packages\rest_framework\views.py", line 512, in dispatch
    response = handler(request, *args, **kwargs)
               ^^^^^^^^^^^^^^^^^^^^^^^^^^^^^^^^^
  File "C:\Users\MSI\Desktop\9B\Proyecto 9B\API_wearable\env\Lib\site-packages\rest_framework\views.py", line 173, in http_method_not_allowed
    raise exceptions.MethodNotAllowed(request.method)
rest_framework.exceptions.MethodNotAllowed: Method "GET" not allowed.
[2025-11-05 09:49:48] [INFO] [api.views.UsuarioViewSet] ðŸ“¤ âœ— Response: 405 | Action: None
[2025-11-05 09:49:48] [WARNING] [django.request:253] Method Not Allowed: /api/usuarios/login/
[2025-11-05 09:49:48] [WARNING] [django.server:213] "GET /api/usuarios/login/ HTTP/1.1" 405 15426
[2025-11-05 09:49:48] [INFO] [django.server:213] "GET /static/rest_framework/css/bootstrap.min.css HTTP/1.1" 200 121457
[2025-11-05 09:49:49] [INFO] [django.server:213] "GET /static/rest_framework/js/csrf.js HTTP/1.1" 200 1793
[2025-11-05 09:49:49] [INFO] [django.server:213] "GET /static/rest_framework/css/bootstrap-tweaks.css HTTP/1.1" 200 3426
[2025-11-05 09:49:49] [INFO] [django.server:213] "GET /static/rest_framework/css/prettify.css HTTP/1.1" 200 817
[2025-11-05 09:49:49] [INFO] [django.server:213] "GET /static/rest_framework/css/default.css HTTP/1.1" 200 1152
[2025-11-05 09:49:49] [INFO] [django.server:213] "GET /static/rest_framework/js/ajax-form.js HTTP/1.1" 200 3796
[2025-11-05 09:49:49] [INFO] [django.server:213] "GET /static/rest_framework/js/load-ajax-form.js HTTP/1.1" 200 59
[2025-11-05 09:49:49] [INFO] [django.server:213] "GET /static/rest_framework/js/bootstrap.min.js HTTP/1.1" 200 39680
[2025-11-05 09:49:49] [INFO] [django.server:213] "GET /static/rest_framework/js/prettify-min.js HTTP/1.1" 200 13632
[2025-11-05 09:49:49] [INFO] [django.server:213] "GET /static/rest_framework/js/default.js HTTP/1.1" 200 1268
[2025-11-05 09:49:49] [INFO] [django.server:213] "GET /static/rest_framework/js/jquery-3.7.1.min.js HTTP/1.1" 200 87533
[2025-11-05 09:49:49] [INFO] [django.server:213] "GET /static/rest_framework/img/grid.png HTTP/1.1" 200 1458
[2025-11-05 09:49:49] [WARNING] [django.request:253] Not Found: /favicon.ico
[2025-11-05 09:49:49] [WARNING] [django.server:213] "GET /favicon.ico HTTP/1.1" 404 2867
[2025-11-05 09:50:21] [INFO] [api.views.UsuarioViewSet] ðŸ“¥ POST /api/usuarios/login/ | Action: login
[2025-11-05 09:50:21] [INFO] [api.services.auth_service:86] Successful login: esteban321@gmail.com (rol: consumidor)
[2025-11-05 09:50:21] [INFO] [api.views.UsuarioViewSet] ðŸ“¤ âœ“ Response: 200 | Action: login
[2025-11-05 09:50:21] [INFO] [django.server:213] "POST /api/usuarios/login/ HTTP/1.1" 200 237
[2025-11-05 09:51:35] [INFO] [api.views.UsuarioViewSet] ðŸ“¥ POST /api/usuarios/login/ | Action: login
[2025-11-05 09:51:35] [INFO] [api.services.auth_service:86] Successful login: esteban321@gmail.com (rol: consumidor)
[2025-11-05 09:51:35] [INFO] [api.views.UsuarioViewSet] ðŸ“¤ âœ“ Response: 200 | Action: login
[2025-11-05 09:51:35] [INFO] [django.server:213] "POST /api/usuarios/login/ HTTP/1.1" 200 237
[2025-11-05 09:53:58] [INFO] [api.views.UsuarioViewSet] ðŸ“¥ POST /api/usuarios/login/ | Action: login
[2025-11-05 09:53:59] [INFO] [api.services.auth_service:86] Successful login: esteban321@gmail.com (rol: consumidor)
[2025-11-05 09:53:59] [INFO] [api.views.UsuarioViewSet] ðŸ“¤ âœ“ Response: 200 | Action: login
[2025-11-05 09:53:59] [INFO] [django.server:213] "POST /api/usuarios/login/ HTTP/1.1" 200 237
[2025-11-05 10:17:39] [INFO] [django.utils.autoreload:667] Watching for file changes with StatReloader
[2025-11-05 10:17:56] [INFO] [api.views.UsuarioViewSet] ðŸ“¥ POST /api/usuarios/register/ | Action: register
[2025-11-05 10:17:57] [INFO] [api.services.user_factory:76] Created Consumidor: testjwt8267@test.com (ID: 18, Profile ID: 10)
[2025-11-05 10:17:57] [INFO] [api.views.UsuarioViewSet] New user registered: testjwt8267@test.com (rol: consumidor)
[2025-11-05 10:17:57] [INFO] [api.views.UsuarioViewSet] ðŸ“¤ âœ“ Response: 201 | Action: register
[2025-11-05 10:17:57] [INFO] [django.server:213] "POST /api/usuarios/register/ HTTP/1.1" 201 732
[2025-11-05 10:17:59] [INFO] [api.views.UsuarioViewSet] ðŸ“¥ POST /api/usuarios/login/ | Action: login
[2025-11-05 10:18:00] [INFO] [api.services.auth_service:123] Successful login: testjwt8267@test.com (rol: consumidor)
[2025-11-05 10:18:00] [INFO] [api.views.UsuarioViewSet] ðŸ“¤ âœ“ Response: 200 | Action: login
[2025-11-05 10:18:00] [INFO] [django.server:213] "POST /api/usuarios/login/ HTTP/1.1" 200 732
[2025-11-05 10:18:02] [INFO] [api.views.UsuarioViewSet] ðŸ“¥ GET /api/usuarios/18/ | Action: retrieve
[2025-11-05 10:18:02] [ERROR] [api.views.UsuarioViewSet] AuthenticationFailed: {'detail': ErrorDetail(string='User not found', code='authentication_failed'), 'code': ErrorDetail(string='user_not_found', code='authentication_failed')} | Context: action=retrieve, view=UsuarioViewSet
Traceback (most recent call last):
  File "C:\Users\MSI\Desktop\9B\Proyecto 9B\API_wearable\env\Lib\site-packages\rest_framework_simplejwt\authentication.py", line 132, in get_user
    user = self.user_model.objects.get(**{api_settings.USER_ID_FIELD: user_id})
           ^^^^^^^^^^^^^^^^^^^^^^^^^^^^^^^^^^^^^^^^^^^^^^^^^^^^^^^^^^^^^^^^^^^^
  File "C:\Users\MSI\Desktop\9B\Proyecto 9B\API_wearable\env\Lib\site-packages\django\db\models\manager.py", line 87, in manager_method
    return getattr(self.get_queryset(), name)(*args, **kwargs)
           ^^^^^^^^^^^^^^^^^^^^^^^^^^^^^^^^^^^^^^^^^^^^^^^^^^^
  File "C:\Users\MSI\Desktop\9B\Proyecto 9B\API_wearable\env\Lib\site-packages\django\db\models\query.py", line 633, in get
    raise self.model.DoesNotExist(
django.contrib.auth.models.User.DoesNotExist: User matching query does not exist.

The above exception was the direct cause of the following exception:

Traceback (most recent call last):
  File "C:\Users\MSI\Desktop\9B\Proyecto 9B\API_wearable\env\Lib\site-packages\rest_framework\views.py", line 503, in dispatch
    self.initial(request, *args, **kwargs)
  File "C:\Users\MSI\Desktop\9B\Proyecto 9B\API_wearable\env\Lib\site-packages\sentry_sdk\integrations\django\__init__.py", line 332, in sentry_patched_drf_initial
    return old_drf_initial(self, request, *args, **kwargs)
           ^^^^^^^^^^^^^^^^^^^^^^^^^^^^^^^^^^^^^^^^^^^^^^^
  File "C:\Users\MSI\Desktop\9B\Proyecto 9B\API_wearable\env\Lib\site-packages\rest_framework\views.py", line 420, in initial
    self.perform_authentication(request)
  File "C:\Users\MSI\Desktop\9B\Proyecto 9B\API_wearable\env\Lib\site-packages\rest_framework\views.py", line 330, in perform_authentication
    request.user
  File "C:\Users\MSI\Desktop\9B\Proyecto 9B\API_wearable\env\Lib\site-packages\rest_framework\request.py", line 232, in user
    self._authenticate()
  File "C:\Users\MSI\Desktop\9B\Proyecto 9B\API_wearable\env\Lib\site-packages\rest_framework\request.py", line 385, in _authenticate
    user_auth_tuple = authenticator.authenticate(self)
                      ^^^^^^^^^^^^^^^^^^^^^^^^^^^^^^^^
  File "C:\Users\MSI\Desktop\9B\Proyecto 9B\API_wearable\env\Lib\site-packages\rest_framework_simplejwt\authentication.py", line 51, in authenticate
    return self.get_user(validated_token), validated_token
           ^^^^^^^^^^^^^^^^^^^^^^^^^^^^^^
  File "C:\Users\MSI\Desktop\9B\Proyecto 9B\API_wearable\env\Lib\site-packages\rest_framework_simplejwt\authentication.py", line 134, in get_user
    raise AuthenticationFailed(
rest_framework_simplejwt.exceptions.AuthenticationFailed: {'detail': ErrorDetail(string='User not found', code='authentication_failed'), 'code': ErrorDetail(string='user_not_found', code='authentication_failed')}
[2025-11-05 10:18:02] [INFO] [api.views.UsuarioViewSet] ðŸ“¤ âœ— Response: 401 | Action: retrieve
[2025-11-05 10:18:02] [WARNING] [django.request:253] Unauthorized: /api/usuarios/18/
[2025-11-05 10:18:02] [WARNING] [django.server:213] "GET /api/usuarios/18/ HTTP/1.1" 401 51
[2025-11-05 10:18:04] [INFO] [api.views.UsuarioViewSet] ðŸ“¥ GET /api/usuarios/18/ | Action: retrieve
[2025-11-05 10:18:04] [INFO] [api.views.UsuarioViewSet] ðŸ“¤ âœ“ Response: 200 | Action: retrieve
[2025-11-05 10:18:04] [INFO] [django.server:213] "GET /api/usuarios/18/ HTTP/1.1" 200 178
[2025-11-05 10:18:06] [INFO] [api.views.UsuarioViewSet] ðŸ“¥ POST /api/usuarios/register/ | Action: register
[2025-11-05 10:18:07] [ERROR] [api.services.user_factory:85] Failed to create user: null value in column "genero" of relation "consumidores" violates not-null constraint
DETAIL:  Failing row contains (11, 19, null, null, null, null, 2025-11-05 18:18:07.20139, 2025-11-05 18:18:07.20139, null).
[2025-11-05 10:18:07] [INFO] [api.views.UsuarioViewSet] ðŸ“¤ âœ— Response: 400 | Action: register
[2025-11-05 10:18:07] [WARNING] [django.request:253] Bad Request: /api/usuarios/register/
[2025-11-05 10:18:07] [WARNING] [django.server:213] "POST /api/usuarios/register/ HTTP/1.1" 400 248
[2025-11-05 10:19:44] [INFO] [django.utils.autoreload:265] C:\Users\MSI\Desktop\9B\Proyecto 9B\API_wearable\Simulador-0910\WearableApi\api\models\user.py changed, reloading.
[2025-11-05 10:19:46] [INFO] [django.utils.autoreload:667] Watching for file changes with StatReloader
[2025-11-05 10:19:53] [INFO] [django.utils.autoreload:265] C:\Users\MSI\Desktop\9B\Proyecto 9B\API_wearable\Simulador-0910\WearableApi\api\views.py changed, reloading.
[2025-11-05 10:19:55] [INFO] [django.utils.autoreload:667] Watching for file changes with StatReloader
[2025-11-05 10:21:51] [INFO] [django.utils.autoreload:265] C:\Users\MSI\Desktop\9B\Proyecto 9B\API_wearable\Simulador-0910\WearableApi\api\views.py changed, reloading.
[2025-11-05 10:21:53] [INFO] [django.utils.autoreload:667] Watching for file changes with StatReloader
[2025-11-05 10:23:07] [INFO] [django.utils.autoreload:667] Watching for file changes with StatReloader
[2025-11-05 10:24:24] [INFO] [api.views.UsuarioViewSet] ðŸ“¥ POST /api/usuarios/register/ | Action: register
[2025-11-05 10:24:25] [INFO] [api.services.user_factory:76] Created Consumidor: testjwt6344@test.com (ID: 20, Profile ID: 12)
[2025-11-05 10:24:25] [INFO] [api.views.UsuarioViewSet] New user registered: testjwt6344@test.com (rol: consumidor)
[2025-11-05 10:24:25] [INFO] [api.views.UsuarioViewSet] ðŸ“¤ âœ“ Response: 201 | Action: register
[2025-11-05 10:24:25] [INFO] [django.server:213] "POST /api/usuarios/register/ HTTP/1.1" 201 732
[2025-11-05 10:24:27] [INFO] [api.views.UsuarioViewSet] ðŸ“¥ POST /api/usuarios/login/ | Action: login
[2025-11-05 10:24:28] [INFO] [api.services.auth_service:123] Successful login: testjwt6344@test.com (rol: consumidor)
[2025-11-05 10:24:28] [INFO] [api.views.UsuarioViewSet] ðŸ“¤ âœ“ Response: 200 | Action: login
[2025-11-05 10:24:28] [INFO] [django.server:213] "POST /api/usuarios/login/ HTTP/1.1" 200 732
[2025-11-05 10:24:30] [INFO] [api.views.UsuarioViewSet] ðŸ“¥ GET /api/usuarios/20/ | Action: retrieve
[2025-11-05 10:24:30] [ERROR] [api.views.UsuarioViewSet] AuthenticationFailed: {'detail': ErrorDetail(string='User not found', code='authentication_failed'), 'code': ErrorDetail(string='user_not_found', code='authentication_failed')} | Context: action=retrieve, view=UsuarioViewSet
Traceback (most recent call last):
  File "C:\Users\MSI\Desktop\9B\Proyecto 9B\API_wearable\env\Lib\site-packages\rest_framework_simplejwt\authentication.py", line 132, in get_user
    user = self.user_model.objects.get(**{api_settings.USER_ID_FIELD: user_id})
           ^^^^^^^^^^^^^^^^^^^^^^^^^^^^^^^^^^^^^^^^^^^^^^^^^^^^^^^^^^^^^^^^^^^^
  File "C:\Users\MSI\Desktop\9B\Proyecto 9B\API_wearable\env\Lib\site-packages\django\db\models\manager.py", line 87, in manager_method
    return getattr(self.get_queryset(), name)(*args, **kwargs)
           ^^^^^^^^^^^^^^^^^^^^^^^^^^^^^^^^^^^^^^^^^^^^^^^^^^^
  File "C:\Users\MSI\Desktop\9B\Proyecto 9B\API_wearable\env\Lib\site-packages\django\db\models\query.py", line 633, in get
    raise self.model.DoesNotExist(
django.contrib.auth.models.User.DoesNotExist: User matching query does not exist.

The above exception was the direct cause of the following exception:

Traceback (most recent call last):
  File "C:\Users\MSI\Desktop\9B\Proyecto 9B\API_wearable\env\Lib\site-packages\rest_framework\views.py", line 503, in dispatch
    self.initial(request, *args, **kwargs)
  File "C:\Users\MSI\Desktop\9B\Proyecto 9B\API_wearable\env\Lib\site-packages\sentry_sdk\integrations\django\__init__.py", line 332, in sentry_patched_drf_initial
    return old_drf_initial(self, request, *args, **kwargs)
           ^^^^^^^^^^^^^^^^^^^^^^^^^^^^^^^^^^^^^^^^^^^^^^^
  File "C:\Users\MSI\Desktop\9B\Proyecto 9B\API_wearable\env\Lib\site-packages\rest_framework\views.py", line 420, in initial
    self.perform_authentication(request)
  File "C:\Users\MSI\Desktop\9B\Proyecto 9B\API_wearable\env\Lib\site-packages\rest_framework\views.py", line 330, in perform_authentication
    request.user
  File "C:\Users\MSI\Desktop\9B\Proyecto 9B\API_wearable\env\Lib\site-packages\rest_framework\request.py", line 232, in user
    self._authenticate()
  File "C:\Users\MSI\Desktop\9B\Proyecto 9B\API_wearable\env\Lib\site-packages\rest_framework\request.py", line 385, in _authenticate
    user_auth_tuple = authenticator.authenticate(self)
                      ^^^^^^^^^^^^^^^^^^^^^^^^^^^^^^^^
  File "C:\Users\MSI\Desktop\9B\Proyecto 9B\API_wearable\env\Lib\site-packages\rest_framework_simplejwt\authentication.py", line 51, in authenticate
    return self.get_user(validated_token), validated_token
           ^^^^^^^^^^^^^^^^^^^^^^^^^^^^^^
  File "C:\Users\MSI\Desktop\9B\Proyecto 9B\API_wearable\env\Lib\site-packages\rest_framework_simplejwt\authentication.py", line 134, in get_user
    raise AuthenticationFailed(
rest_framework_simplejwt.exceptions.AuthenticationFailed: {'detail': ErrorDetail(string='User not found', code='authentication_failed'), 'code': ErrorDetail(string='user_not_found', code='authentication_failed')}
[2025-11-05 10:24:30] [INFO] [api.views.UsuarioViewSet] ðŸ“¤ âœ— Response: 401 | Action: retrieve
[2025-11-05 10:24:30] [WARNING] [django.request:253] Unauthorized: /api/usuarios/20/
[2025-11-05 10:24:30] [WARNING] [django.server:213] "GET /api/usuarios/20/ HTTP/1.1" 401 51
[2025-11-05 10:24:32] [INFO] [api.views.UsuarioViewSet] ðŸ“¥ GET /api/usuarios/20/ | Action: retrieve
[2025-11-05 10:24:32] [ERROR] [api.views.UsuarioViewSet] NotAuthenticated: Authentication credentials were not provided. | Context: action=retrieve, view=UsuarioViewSet
Traceback (most recent call last):
  File "C:\Users\MSI\Desktop\9B\Proyecto 9B\API_wearable\env\Lib\site-packages\rest_framework\views.py", line 503, in dispatch
    self.initial(request, *args, **kwargs)
  File "C:\Users\MSI\Desktop\9B\Proyecto 9B\API_wearable\env\Lib\site-packages\sentry_sdk\integrations\django\__init__.py", line 332, in sentry_patched_drf_initial
    return old_drf_initial(self, request, *args, **kwargs)
           ^^^^^^^^^^^^^^^^^^^^^^^^^^^^^^^^^^^^^^^^^^^^^^^
  File "C:\Users\MSI\Desktop\9B\Proyecto 9B\API_wearable\env\Lib\site-packages\rest_framework\views.py", line 421, in initial
    self.check_permissions(request)
  File "C:\Users\MSI\Desktop\9B\Proyecto 9B\API_wearable\env\Lib\site-packages\rest_framework\views.py", line 339, in check_permissions
    self.permission_denied(
  File "C:\Users\MSI\Desktop\9B\Proyecto 9B\API_wearable\env\Lib\site-packages\rest_framework\views.py", line 180, in permission_denied
    raise exceptions.NotAuthenticated()
rest_framework.exceptions.NotAuthenticated: Authentication credentials were not provided.
[2025-11-05 10:24:32] [INFO] [api.views.UsuarioViewSet] ðŸ“¤ âœ— Response: 401 | Action: retrieve
[2025-11-05 10:24:32] [WARNING] [django.request:253] Unauthorized: /api/usuarios/20/
[2025-11-05 10:24:32] [WARNING] [django.server:213] "GET /api/usuarios/20/ HTTP/1.1" 401 58
[2025-11-05 10:24:34] [INFO] [api.views.UsuarioViewSet] ðŸ“¥ POST /api/usuarios/register/ | Action: register
[2025-11-05 10:24:35] [INFO] [api.services.user_factory:76] Created Consumidor: testjwt4589@test.com (ID: 21, Profile ID: 13)
[2025-11-05 10:24:35] [INFO] [api.views.UsuarioViewSet] New user registered: testjwt4589@test.com (rol: consumidor)
[2025-11-05 10:24:35] [INFO] [api.views.UsuarioViewSet] ðŸ“¤ âœ“ Response: 201 | Action: register
[2025-11-05 10:24:35] [INFO] [django.server:213] "POST /api/usuarios/register/ HTTP/1.1" 201 713
[2025-11-05 10:27:48] [INFO] [django.utils.autoreload:265] C:\Users\MSI\Desktop\9B\Proyecto 9B\API_wearable\Simulador-0910\WearableApi\WearableApi\settings.py changed, reloading.
[2025-11-05 10:27:50] [INFO] [django.utils.autoreload:667] Watching for file changes with StatReloader
[2025-11-05 10:29:13] [INFO] [django.utils.autoreload:265] C:\Users\MSI\Desktop\9B\Proyecto 9B\API_wearable\Simulador-0910\WearableApi\WearableApi\settings.py changed, reloading.
[2025-11-05 10:29:15] [INFO] [django.utils.autoreload:667] Watching for file changes with StatReloader
[2025-11-05 10:29:24] [INFO] [api.views.UsuarioViewSet] ðŸ“¥ POST /api/usuarios/register/ | Action: register
[2025-11-05 10:29:25] [INFO] [api.services.user_factory:76] Created Consumidor: testjwt5100@test.com (ID: 22, Profile ID: 14)
[2025-11-05 10:29:25] [INFO] [api.views.UsuarioViewSet] New user registered: testjwt5100@test.com (rol: consumidor)
[2025-11-05 10:29:25] [INFO] [api.views.UsuarioViewSet] ðŸ“¤ âœ“ Response: 201 | Action: register
[2025-11-05 10:29:25] [INFO] [django.server:213] "POST /api/usuarios/register/ HTTP/1.1" 201 732
[2025-11-05 10:29:27] [INFO] [api.views.UsuarioViewSet] ðŸ“¥ POST /api/usuarios/login/ | Action: login
[2025-11-05 10:29:28] [INFO] [api.services.auth_service:123] Successful login: testjwt5100@test.com (rol: consumidor)
[2025-11-05 10:29:28] [INFO] [api.views.UsuarioViewSet] ðŸ“¤ âœ“ Response: 200 | Action: login
[2025-11-05 10:29:28] [INFO] [django.server:213] "POST /api/usuarios/login/ HTTP/1.1" 200 732
[2025-11-05 10:29:30] [INFO] [api.views.UsuarioViewSet] ðŸ“¥ GET /api/usuarios/22/ | Action: retrieve
[2025-11-05 10:29:30] [ERROR] [api.views.UsuarioViewSet] AttributeError: 'Usuario' object has no attribute 'is_authenticated' | Context: action=retrieve, view=UsuarioViewSet
Traceback (most recent call last):
  File "C:\Users\MSI\Desktop\9B\Proyecto 9B\API_wearable\env\Lib\site-packages\rest_framework\views.py", line 503, in dispatch
    self.initial(request, *args, **kwargs)
  File "C:\Users\MSI\Desktop\9B\Proyecto 9B\API_wearable\env\Lib\site-packages\sentry_sdk\integrations\django\__init__.py", line 332, in sentry_patched_drf_initial
    return old_drf_initial(self, request, *args, **kwargs)
           ^^^^^^^^^^^^^^^^^^^^^^^^^^^^^^^^^^^^^^^^^^^^^^^
  File "C:\Users\MSI\Desktop\9B\Proyecto 9B\API_wearable\env\Lib\site-packages\rest_framework\views.py", line 421, in initial
    self.check_permissions(request)
  File "C:\Users\MSI\Desktop\9B\Proyecto 9B\API_wearable\env\Lib\site-packages\rest_framework\views.py", line 338, in check_permissions
    if not permission.has_permission(request, self):
           ^^^^^^^^^^^^^^^^^^^^^^^^^^^^^^^^^^^^^^^^
  File "C:\Users\MSI\Desktop\9B\Proyecto 9B\API_wearable\env\Lib\site-packages\rest_framework\permissions.py", line 151, in has_permission
    return bool(request.user and request.user.is_authenticated)
                                 ^^^^^^^^^^^^^^^^^^^^^^^^^^^^^
AttributeError: 'Usuario' object has no attribute 'is_authenticated'
[2025-11-05 10:29:30] [ERROR] [django.request:253] Internal Server Error: /api/usuarios/22/
Traceback (most recent call last):
  File "C:\Users\MSI\Desktop\9B\Proyecto 9B\API_wearable\env\Lib\site-packages\django\core\handlers\exception.py", line 55, in inner
    response = get_response(request)
               ^^^^^^^^^^^^^^^^^^^^^
  File "C:\Users\MSI\Desktop\9B\Proyecto 9B\API_wearable\env\Lib\site-packages\django\core\handlers\base.py", line 197, in _get_response
    response = wrapped_callback(request, *callback_args, **callback_kwargs)
               ^^^^^^^^^^^^^^^^^^^^^^^^^^^^^^^^^^^^^^^^^^^^^^^^^^^^^^^^^^^^
  File "C:\Users\MSI\Desktop\9B\Proyecto 9B\API_wearable\env\Lib\site-packages\sentry_sdk\integrations\django\views.py", line 94, in sentry_wrapped_callback
    return callback(request, *args, **kwargs)
           ^^^^^^^^^^^^^^^^^^^^^^^^^^^^^^^^^^
  File "C:\Users\MSI\Desktop\9B\Proyecto 9B\API_wearable\env\Lib\site-packages\django\views\decorators\csrf.py", line 65, in _view_wrapper
    return view_func(request, *args, **kwargs)
           ^^^^^^^^^^^^^^^^^^^^^^^^^^^^^^^^^^^
  File "C:\Users\MSI\Desktop\9B\Proyecto 9B\API_wearable\env\Lib\site-packages\rest_framework\viewsets.py", line 125, in view
    return self.dispatch(request, *args, **kwargs)
           ^^^^^^^^^^^^^^^^^^^^^^^^^^^^^^^^^^^^^^^
  File "C:\Users\MSI\Desktop\9B\Proyecto 9B\API_wearable\env\Lib\site-packages\rest_framework\views.py", line 515, in dispatch
    response = self.handle_exception(exc)
               ^^^^^^^^^^^^^^^^^^^^^^^^^^
  File "C:\Users\MSI\Desktop\9B\Proyecto 9B\API_wearable\Simulador-0910\WearableApi\utils\mixins.py", line 59, in handle_exception
    return super().handle_exception(exc)
           ^^^^^^^^^^^^^^^^^^^^^^^^^^^^^
  File "C:\Users\MSI\Desktop\9B\Proyecto 9B\API_wearable\env\Lib\site-packages\rest_framework\views.py", line 475, in handle_exception
    self.raise_uncaught_exception(exc)
  File "C:\Users\MSI\Desktop\9B\Proyecto 9B\API_wearable\env\Lib\site-packages\rest_framework\views.py", line 486, in raise_uncaught_exception
    raise exc
  File "C:\Users\MSI\Desktop\9B\Proyecto 9B\API_wearable\env\Lib\site-packages\rest_framework\views.py", line 503, in dispatch
    self.initial(request, *args, **kwargs)
  File "C:\Users\MSI\Desktop\9B\Proyecto 9B\API_wearable\env\Lib\site-packages\sentry_sdk\integrations\django\__init__.py", line 332, in sentry_patched_drf_initial
    return old_drf_initial(self, request, *args, **kwargs)
           ^^^^^^^^^^^^^^^^^^^^^^^^^^^^^^^^^^^^^^^^^^^^^^^
  File "C:\Users\MSI\Desktop\9B\Proyecto 9B\API_wearable\env\Lib\site-packages\rest_framework\views.py", line 421, in initial
    self.check_permissions(request)
  File "C:\Users\MSI\Desktop\9B\Proyecto 9B\API_wearable\env\Lib\site-packages\rest_framework\views.py", line 338, in check_permissions
    if not permission.has_permission(request, self):
           ^^^^^^^^^^^^^^^^^^^^^^^^^^^^^^^^^^^^^^^^
  File "C:\Users\MSI\Desktop\9B\Proyecto 9B\API_wearable\env\Lib\site-packages\rest_framework\permissions.py", line 151, in has_permission
    return bool(request.user and request.user.is_authenticated)
                                 ^^^^^^^^^^^^^^^^^^^^^^^^^^^^^
AttributeError: 'Usuario' object has no attribute 'is_authenticated'
[2025-11-05 10:29:30] [ERROR] [django.server:213] "GET /api/usuarios/22/ HTTP/1.1" 500 131025
[2025-11-05 10:29:32] [INFO] [api.views.UsuarioViewSet] ðŸ“¥ GET /api/usuarios/22/ | Action: retrieve
[2025-11-05 10:29:32] [ERROR] [api.views.UsuarioViewSet] NotAuthenticated: Authentication credentials were not provided. | Context: action=retrieve, view=UsuarioViewSet
Traceback (most recent call last):
  File "C:\Users\MSI\Desktop\9B\Proyecto 9B\API_wearable\env\Lib\site-packages\rest_framework\views.py", line 503, in dispatch
    self.initial(request, *args, **kwargs)
  File "C:\Users\MSI\Desktop\9B\Proyecto 9B\API_wearable\env\Lib\site-packages\sentry_sdk\integrations\django\__init__.py", line 332, in sentry_patched_drf_initial
    return old_drf_initial(self, request, *args, **kwargs)
           ^^^^^^^^^^^^^^^^^^^^^^^^^^^^^^^^^^^^^^^^^^^^^^^
  File "C:\Users\MSI\Desktop\9B\Proyecto 9B\API_wearable\env\Lib\site-packages\rest_framework\views.py", line 421, in initial
    self.check_permissions(request)
  File "C:\Users\MSI\Desktop\9B\Proyecto 9B\API_wearable\env\Lib\site-packages\rest_framework\views.py", line 339, in check_permissions
    self.permission_denied(
  File "C:\Users\MSI\Desktop\9B\Proyecto 9B\API_wearable\env\Lib\site-packages\rest_framework\views.py", line 180, in permission_denied
    raise exceptions.NotAuthenticated()
rest_framework.exceptions.NotAuthenticated: Authentication credentials were not provided.
[2025-11-05 10:29:32] [INFO] [api.views.UsuarioViewSet] ðŸ“¤ âœ— Response: 401 | Action: retrieve
[2025-11-05 10:29:32] [WARNING] [django.request:253] Unauthorized: /api/usuarios/22/
[2025-11-05 10:29:32] [WARNING] [django.server:213] "GET /api/usuarios/22/ HTTP/1.1" 401 58
[2025-11-05 10:29:34] [INFO] [api.views.UsuarioViewSet] ðŸ“¥ POST /api/usuarios/register/ | Action: register
[2025-11-05 10:29:35] [INFO] [api.services.user_factory:76] Created Consumidor: testjwt2335@test.com (ID: 23, Profile ID: 15)
[2025-11-05 10:29:35] [INFO] [api.views.UsuarioViewSet] New user registered: testjwt2335@test.com (rol: consumidor)
[2025-11-05 10:29:35] [INFO] [api.views.UsuarioViewSet] ðŸ“¤ âœ“ Response: 201 | Action: register
[2025-11-05 10:29:35] [INFO] [django.server:213] "POST /api/usuarios/register/ HTTP/1.1" 201 713
[2025-11-05 10:32:42] [INFO] [django.utils.autoreload:265] C:\Users\MSI\Desktop\9B\Proyecto 9B\API_wearable\Simulador-0910\WearableApi\api\models\user.py changed, reloading.
[2025-11-05 10:32:44] [INFO] [django.utils.autoreload:667] Watching for file changes with StatReloader
[2025-11-05 10:32:58] [INFO] [django.utils.autoreload:667] Watching for file changes with StatReloader
[2025-11-05 10:33:13] [INFO] [django.utils.autoreload:265] C:\Users\MSI\Desktop\9B\Proyecto 9B\API_wearable\Simulador-0910\WearableApi\api\models\user.py changed, reloading.
[2025-11-05 10:33:14] [INFO] [django.utils.autoreload:667] Watching for file changes with StatReloader
[2025-11-05 10:33:16] [INFO] [api.views.UsuarioViewSet] ðŸ“¥ POST /api/usuarios/register/ | Action: register
[2025-11-05 10:33:16] [INFO] [api.services.user_factory:76] Created Consumidor: testjwt7211@test.com (ID: 24, Profile ID: 16)
[2025-11-05 10:33:16] [INFO] [api.views.UsuarioViewSet] New user registered: testjwt7211@test.com (rol: consumidor)
[2025-11-05 10:33:16] [INFO] [api.views.UsuarioViewSet] ðŸ“¤ âœ“ Response: 201 | Action: register
[2025-11-05 10:33:16] [INFO] [django.server:213] "POST /api/usuarios/register/ HTTP/1.1" 201 732
[2025-11-05 10:33:19] [INFO] [api.views.UsuarioViewSet] ðŸ“¥ POST /api/usuarios/login/ | Action: login
[2025-11-05 10:33:19] [INFO] [api.services.auth_service:123] Successful login: testjwt7211@test.com (rol: consumidor)
[2025-11-05 10:33:19] [INFO] [api.views.UsuarioViewSet] ðŸ“¤ âœ“ Response: 200 | Action: login
[2025-11-05 10:33:19] [INFO] [django.server:213] "POST /api/usuarios/login/ HTTP/1.1" 200 732
[2025-11-05 10:33:21] [INFO] [api.views.UsuarioViewSet] ðŸ“¥ GET /api/usuarios/24/ | Action: retrieve
[2025-11-05 10:33:21] [INFO] [api.views.UsuarioViewSet] ðŸ“¤ âœ“ Response: 200 | Action: retrieve
[2025-11-05 10:33:21] [INFO] [django.server:213] "GET /api/usuarios/24/ HTTP/1.1" 200 178
[2025-11-05 10:33:23] [INFO] [api.views.UsuarioViewSet] ðŸ“¥ GET /api/usuarios/24/ | Action: retrieve
[2025-11-05 10:33:23] [ERROR] [api.views.UsuarioViewSet] NotAuthenticated: Authentication credentials were not provided. | Context: action=retrieve, view=UsuarioViewSet
Traceback (most recent call last):
  File "C:\Users\MSI\Desktop\9B\Proyecto 9B\API_wearable\env\Lib\site-packages\rest_framework\views.py", line 503, in dispatch
    self.initial(request, *args, **kwargs)
  File "C:\Users\MSI\Desktop\9B\Proyecto 9B\API_wearable\env\Lib\site-packages\sentry_sdk\integrations\django\__init__.py", line 332, in sentry_patched_drf_initial
    return old_drf_initial(self, request, *args, **kwargs)
           ^^^^^^^^^^^^^^^^^^^^^^^^^^^^^^^^^^^^^^^^^^^^^^^
  File "C:\Users\MSI\Desktop\9B\Proyecto 9B\API_wearable\env\Lib\site-packages\rest_framework\views.py", line 421, in initial
    self.check_permissions(request)
  File "C:\Users\MSI\Desktop\9B\Proyecto 9B\API_wearable\env\Lib\site-packages\rest_framework\views.py", line 339, in check_permissions
    self.permission_denied(
  File "C:\Users\MSI\Desktop\9B\Proyecto 9B\API_wearable\env\Lib\site-packages\rest_framework\views.py", line 180, in permission_denied
    raise exceptions.NotAuthenticated()
rest_framework.exceptions.NotAuthenticated: Authentication credentials were not provided.
[2025-11-05 10:33:23] [INFO] [api.views.UsuarioViewSet] ðŸ“¤ âœ— Response: 401 | Action: retrieve
[2025-11-05 10:33:23] [WARNING] [django.request:253] Unauthorized: /api/usuarios/24/
[2025-11-05 10:33:23] [WARNING] [django.server:213] "GET /api/usuarios/24/ HTTP/1.1" 401 58
[2025-11-05 10:33:25] [INFO] [api.views.UsuarioViewSet] ðŸ“¥ POST /api/usuarios/register/ | Action: register
[2025-11-05 10:33:26] [INFO] [api.services.user_factory:76] Created Consumidor: testjwt8236@test.com (ID: 25, Profile ID: 17)
[2025-11-05 10:33:26] [INFO] [api.views.UsuarioViewSet] New user registered: testjwt8236@test.com (rol: consumidor)
[2025-11-05 10:33:26] [INFO] [api.views.UsuarioViewSet] ðŸ“¤ âœ“ Response: 201 | Action: register
[2025-11-05 10:33:26] [INFO] [django.server:213] "POST /api/usuarios/register/ HTTP/1.1" 201 713
[2025-11-05 10:34:42] [INFO] [django.utils.autoreload:265] C:\Users\MSI\Desktop\9B\Proyecto 9B\API_wearable\Simulador-0910\WearableApi\utils\decorators.py changed, reloading.
[2025-11-05 10:34:44] [INFO] [django.utils.autoreload:667] Watching for file changes with StatReloader
[2025-11-05 10:34:52] [INFO] [django.utils.autoreload:265] C:\Users\MSI\Desktop\9B\Proyecto 9B\API_wearable\Simulador-0910\WearableApi\api\tasks.py changed, reloading.
[2025-11-05 10:34:54] [INFO] [django.utils.autoreload:667] Watching for file changes with StatReloader
[2025-11-05 10:35:14] [INFO] [django.utils.autoreload:667] Watching for file changes with StatReloader
[2025-11-05 10:35:40] [INFO] [api.views.UsuarioViewSet] ðŸ“¥ POST /api/usuarios/login/ | Action: login
[2025-11-05 10:35:40] [INFO] [api.services.auth_service:67] Successful login: esteban321@gmail.com (rol: consumidor)
[2025-11-05 10:35:40] [INFO] [api.views.UsuarioViewSet] ðŸ“¤ âœ“ Response: 200 | Action: login
[2025-11-05 10:35:40] [INFO] [django.server:213] "POST /api/usuarios/login/ HTTP/1.1" 200 725
